{"meta": {"format": 3, "version": "7.13.5", "timestamp": "2026-04-04T22:40:11.849905", "branch_coverage": false, "show_contexts": false}, "files": {"src/__init__.py": {"executed_lines": [3, 5, 7], "summary": {"covered_lines": 3, "num_statements": 3, "percent_covered": 100.0, "percent_covered_display": "100", "missing_lines": 0, "excluded_lines": 0, "percent_statements_covered": 100.0, "percent_statements_covered_display": "100"}, "missing_lines": [], "excluded_lines": [], "functions": {"": {"executed_lines": [3, 5, 7], "summary": {"covered_lines": 3, "num_statements": 3, "percent_covered": 100.0, "percent_covered_display": "100", "missing_lines": 0, "excluded_lines": 0, "percent_statements_covered": 100.0, "percent_statements_covered_display": "100"}, "missing_lines": [], "excluded_lines": [], "start_line": 1}}, "classes": {"": {"executed_lines": [3, 5, 7], "summary": {"covered_lines": 3, "num_statements": 3, "percent_covered": 100.0, "percent_covered_display": "100", "missing_lines": 0, "excluded_lines": 0, "percent_statements_covered": 100.0, "percent_statements_covered_display": "100"}, "missing_lines": [], "excluded_lines": [], "start_line": 1}}}, "src/analysis/__init__.py": {"executed_lines": [], "summary": {"covered_lines": 0, "num_statements": 0, "percent_covered": 100.0, "percent_covered_display": "100", "missing_lines": 0, "excluded_lines": 0, "percent_statements_covered": 100.0, "percent_statements_covered_display": "100"}, "missing_lines": [], "excluded_lines": [], "functions": {"": {"executed_lines": [], "summary": {"covered_lines": 0, "num_statements": 0, "percent_covered": 100.0, "percent_covered_display": "100", "missing_lines": 0, "excluded_lines": 0, "percent_statements_covered": 100.0, "percent_statements_covered_display": "100"}, "missing_lines": [], "excluded_lines": [], "start_line": 1}}, "classes": {"": {"executed_lines": [], "summary": {"covered_lines": 0, "num_statements": 0, "percent_covered": 100.0, "percent_covered_display": "100", "missing_lines": 0, "excluded_lines": 0, "percent_statements_covered": 100.0, "percent_statements_covered_display": "100"}, "missing_lines": [], "excluded_lines": [], "start_line": 1}}}, "src/analysis/gene_mapper.py": {"executed_lines": [2, 3, 5, 7, 10, 13, 14, 16, 18, 33, 34, 36, 37, 43, 44, 45, 46, 48, 49, 50, 51, 55, 56, 58, 59, 61, 62, 63, 65, 80, 81, 84, 85, 87, 88, 89, 91, 93, 96, 97, 104, 105, 106, 107, 108, 109, 112, 113, 114, 115, 124, 126, 137, 140, 142, 143], "summary": {"covered_lines": 56, "num_statements": 62, "percent_covered": 90.3225806451613, "percent_covered_display": "90", "missing_lines": 6, "excluded_lines": 0, "percent_statements_covered": 90.3225806451613, "percent_statements_covered_display": "90"}, "missing_lines": [94, 117, 118, 120, 121, 122], "excluded_lines": [], "functions": {"GeneMapper.__init__": {"executed_lines": [14, 16], "summary": {"covered_lines": 2, "num_statements": 2, "percent_covered": 100.0, "percent_covered_display": "100", "missing_lines": 0, "excluded_lines": 0, "percent_statements_covered": 100.0, "percent_statements_covered_display": "100"}, "missing_lines": [], "excluded_lines": [], "start_line": 13}, "GeneMapper.map_gene_to_uniprot": {"executed_lines": [33, 34, 36, 37, 43, 44, 45, 46, 48, 49, 50, 51, 55, 56, 58, 59, 61, 62, 63], "summary": {"covered_lines": 19, "num_statements": 19, "percent_covered": 100.0, "percent_covered_display": "100", "missing_lines": 0, "excluded_lines": 0, "percent_statements_covered": 100.0, "percent_statements_covered_display": "100"}, "missing_lines": [], "excluded_lines": [], "start_line": 18}, "GeneMapper.map_genes_batch": {"executed_lines": [80, 81, 84, 85, 87, 88, 89, 91, 93, 96, 97, 104, 105, 106, 107, 108, 109, 112, 113, 114, 115, 124], "summary": {"covered_lines": 22, "num_statements": 28, "percent_covered": 78.57142857142857, "percent_covered_display": "79", "missing_lines": 6, "excluded_lines": 0, "percent_statements_covered": 78.57142857142857, "percent_statements_covered_display": "79"}, "missing_lines": [94, 117, 118, 120, 121, 122], "excluded_lines": [], "start_line": 65}, "GeneMapper.get_canonical_isoform": {"executed_lines": [137], "summary": {"covered_lines": 1, "num_statements": 1, "percent_covered": 100.0, "percent_covered_display": "100", "missing_lines": 0, "excluded_lines": 0, "percent_statements_covered": 100.0, "percent_statements_covered_display": "100"}, "missing_lines": [], "excluded_lines": [], "start_line": 126}, "map_gene_to_uniprot": {"executed_lines": [142, 143], "summary": {"covered_lines": 2, "num_statements": 2, "percent_covered": 100.0, "percent_covered_display": "100", "missing_lines": 0, "excluded_lines": 0, "percent_statements_covered": 100.0, "percent_statements_covered_display": "100"}, "missing_lines": [], "excluded_lines": [], "start_line": 140}, "": {"executed_lines": [2, 3, 5, 7, 10, 13, 18, 65, 126, 140], "summary": {"covered_lines": 10, "num_statements": 10, "percent_covered": 100.0, "percent_covered_display": "100", "missing_lines": 0, "excluded_lines": 0, "percent_statements_covered": 100.0, "percent_statements_covered_display": "100"}, "missing_lines": [], "excluded_lines": [], "start_line": 1}}, "classes": {"GeneMapper": {"executed_lines": [14, 16, 33, 34, 36, 37, 43, 44, 45, 46, 48, 49, 50, 51, 55, 56, 58, 59, 61, 62, 63, 80, 81, 84, 85, 87, 88, 89, 91, 93, 96, 97, 104, 105, 106, 107, 108, 109, 112, 113, 114, 115, 124, 137], "summary": {"covered_lines": 44, "num_statements": 50, "percent_covered": 88.0, "percent_covered_display": "88", "missing_lines": 6, "excluded_lines": 0, "percent_statements_covered": 88.0, "percent_statements_covered_display": "88"}, "missing_lines": [94, 117, 118, 120, 121, 122], "excluded_lines": [], "start_line": 10}, "": {"executed_lines": [2, 3, 5, 7, 10, 13, 18, 65, 126, 140, 142, 143], "summary": {"covered_lines": 12, "num_statements": 12, "percent_covered": 100.0, "percent_covered_display": "100", "missing_lines": 0, "excluded_lines": 0, "percent_statements_covered": 100.0, "percent_statements_covered_display": "100"}, "missing_lines": [], "excluded_lines": [], "start_line": 1}}}, "src/analysis/pathway_integration.py": {"executed_lines": [2, 3, 4, 5, 7, 9, 10, 11, 16, 19, 23, 66, 73, 74, 76, 77, 78, 79, 81, 96, 99, 100, 101, 102, 103, 104, 107, 108, 109, 111, 112, 115, 116, 117, 118, 119, 123, 124, 125, 127, 129, 144, 147, 148, 149, 150, 151, 152, 155, 156, 157, 159, 160, 163, 164, 165, 166, 167, 171, 172, 173, 175, 177, 190, 191, 193, 195, 196, 202, 206, 207, 208, 210, 220, 222, 228, 234, 236, 237, 238, 240, 241, 242, 249, 251, 261, 264, 265, 266, 267, 270, 273, 276, 277, 278, 280, 282, 284, 285, 286, 289, 291, 292, 295, 297, 298], "summary": {"covered_lines": 106, "num_statements": 116, "percent_covered": 91.37931034482759, "percent_covered_display": "91", "missing_lines": 10, "excluded_lines": 0, "percent_statements_covered": 91.37931034482759, "percent_statements_covered_display": "91"}, "missing_lines": [12, 13, 14, 110, 120, 121, 158, 168, 169, 268], "excluded_lines": [], "functions": {"PathwayDatabaseIntegration.__init__": {"executed_lines": [73, 74, 76, 77, 78, 79], "summary": {"covered_lines": 6, "num_statements": 6, "percent_covered": 100.0, "percent_covered_display": "100", "missing_lines": 0, "excluded_lines": 0, "percent_statements_covered": 100.0, "percent_statements_covered_display": "100"}, "missing_lines": [], "excluded_lines": [], "start_line": 66}, "PathwayDatabaseIntegration.load_kegg_pathways": {"executed_lines": [96, 99, 100, 101, 102, 103, 104, 107, 108, 109, 111, 112, 115, 116, 117, 118, 119, 123, 124, 125, 127], "summary": {"covered_lines": 21, "num_statements": 24, "percent_covered": 87.5, "percent_covered_display": "88", "missing_lines": 3, "excluded_lines": 0, "percent_statements_covered": 87.5, "percent_statements_covered_display": "88"}, "missing_lines": [110, 120, 121], "excluded_lines": [], "start_line": 81}, "PathwayDatabaseIntegration.load_reactome_pathways": {"executed_lines": [144, 147, 148, 149, 150, 151, 152, 155, 156, 157, 159, 160, 163, 164, 165, 166, 167, 171, 172, 173, 175], "summary": {"covered_lines": 21, "num_statements": 24, "percent_covered": 87.5, "percent_covered_display": "88", "missing_lines": 3, "excluded_lines": 0, "percent_statements_covered": 87.5, "percent_statements_covered_display": "88"}, "missing_lines": [158, 168, 169], "excluded_lines": [], "start_line": 129}, "PathwayDatabaseIntegration.validate_builtin_pathways": {"executed_lines": [190, 191, 193, 195, 196, 202, 206, 207, 208, 210, 220], "summary": {"covered_lines": 11, "num_statements": 11, "percent_covered": 100.0, "percent_covered_display": "100", "missing_lines": 0, "excluded_lines": 0, "percent_statements_covered": 100.0, "percent_statements_covered_display": "100"}, "missing_lines": [], "excluded_lines": [], "start_line": 177}, "PathwayDatabaseIntegration._find_best_pathway_match": {"executed_lines": [228, 234, 236, 237, 238, 240, 241, 242, 249], "summary": {"covered_lines": 9, "num_statements": 9, "percent_covered": 100.0, "percent_covered_display": "100", "missing_lines": 0, "excluded_lines": 0, "percent_statements_covered": 100.0, "percent_statements_covered_display": "100"}, "missing_lines": [], "excluded_lines": [], "start_line": 222}, "PathwayDatabaseIntegration.build_pathway_graph": {"executed_lines": [261, 264, 265, 266, 267, 270, 273, 276, 277, 278, 280], "summary": {"covered_lines": 11, "num_statements": 12, "percent_covered": 91.66666666666667, "percent_covered_display": "92", "missing_lines": 1, "excluded_lines": 0, "percent_statements_covered": 91.66666666666667, "percent_statements_covered_display": "92"}, "missing_lines": [268], "excluded_lines": [], "start_line": 251}, "PathwayDatabaseIntegration.clear_cache": {"executed_lines": [284, 285, 286], "summary": {"covered_lines": 3, "num_statements": 3, "percent_covered": 100.0, "percent_covered_display": "100", "missing_lines": 0, "excluded_lines": 0, "percent_statements_covered": 100.0, "percent_statements_covered_display": "100"}, "missing_lines": [], "excluded_lines": [], "start_line": 282}, "load_kegg_pathways": {"executed_lines": [291, 292], "summary": {"covered_lines": 2, "num_statements": 2, "percent_covered": 100.0, "percent_covered_display": "100", "missing_lines": 0, "excluded_lines": 0, "percent_statements_covered": 100.0, "percent_statements_covered_display": "100"}, "missing_lines": [], "excluded_lines": [], "start_line": 289}, "load_reactome_pathways": {"executed_lines": [297, 298], "summary": {"covered_lines": 2, "num_statements": 2, "percent_covered": 100.0, "percent_covered_display": "100", "missing_lines": 0, "excluded_lines": 0, "percent_statements_covered": 100.0, "percent_statements_covered_display": "100"}, "missing_lines": [], "excluded_lines": [], "start_line": 295}, "": {"executed_lines": [2, 3, 4, 5, 7, 9, 10, 11, 16, 19, 23, 66, 81, 129, 177, 222, 251, 282, 289, 295], "summary": {"covered_lines": 20, "num_statements": 23, "percent_covered": 86.95652173913044, "percent_covered_display": "87", "missing_lines": 3, "excluded_lines": 0, "percent_statements_covered": 86.95652173913044, "percent_statements_covered_display": "87"}, "missing_lines": [12, 13, 14], "excluded_lines": [], "start_line": 1}}, "classes": {"PathwayDatabaseIntegration": {"executed_lines": [73, 74, 76, 77, 78, 79, 96, 99, 100, 101, 102, 103, 104, 107, 108, 109, 111, 112, 115, 116, 117, 118, 119, 123, 124, 125, 127, 144, 147, 148, 149, 150, 151, 152, 155, 156, 157, 159, 160, 163, 164, 165, 166, 167, 171, 172, 173, 175, 190, 191, 193, 195, 196, 202, 206, 207, 208, 210, 220, 228, 234, 236, 237, 238, 240, 241, 242, 249, 261, 264, 265, 266, 267, 270, 273, 276, 277, 278, 280, 284, 285, 286], "summary": {"covered_lines": 82, "num_statements": 89, "percent_covered": 92.13483146067416, "percent_covered_display": "92", "missing_lines": 7, "excluded_lines": 0, "percent_statements_covered": 92.13483146067416, "percent_statements_covered_display": "92"}, "missing_lines": [110, 120, 121, 158, 168, 169, 268], "excluded_lines": [], "start_line": 19}, "": {"executed_lines": [2, 3, 4, 5, 7, 9, 10, 11, 16, 19, 23, 66, 81, 129, 177, 222, 251, 282, 289, 291, 292, 295, 297, 298], "summary": {"covered_lines": 24, "num_statements": 27, "percent_covered": 88.88888888888889, "percent_covered_display": "89", "missing_lines": 3, "excluded_lines": 0, "percent_statements_covered": 88.88888888888889, "percent_statements_covered_display": "89"}, "missing_lines": [12, 13, 14], "excluded_lines": [], "start_line": 1}}}, "src/analysis/variant_parser.py": {"executed_lines": [2, 3, 4, 5, 7, 10, 12, 13, 14, 15, 16, 17, 18, 21, 25, 33, 34, 36, 49, 50, 51, 52, 55, 56, 59, 60, 63, 64, 66, 67, 69, 79, 81, 82, 83, 84, 85, 87, 102, 103, 104, 106, 107, 108, 112, 114, 117, 119, 120], "summary": {"covered_lines": 49, "num_statements": 49, "percent_covered": 100.0, "percent_covered_display": "100", "missing_lines": 0, "excluded_lines": 0, "percent_statements_covered": 100.0, "percent_statements_covered_display": "100"}, "missing_lines": [], "excluded_lines": [], "functions": {"HGVSVariantParser.__init__": {"executed_lines": [34], "summary": {"covered_lines": 1, "num_statements": 1, "percent_covered": 100.0, "percent_covered_display": "100", "missing_lines": 0, "excluded_lines": 0, "percent_statements_covered": 100.0, "percent_statements_covered_display": "100"}, "missing_lines": [], "excluded_lines": [], "start_line": 33}, "HGVSVariantParser.parse": {"executed_lines": [49, 50, 51, 52, 55, 56, 59, 60, 63, 64, 66, 67, 69], "summary": {"covered_lines": 13, "num_statements": 13, "percent_covered": 100.0, "percent_covered_display": "100", "missing_lines": 0, "excluded_lines": 0, "percent_statements_covered": 100.0, "percent_statements_covered_display": "100"}, "missing_lines": [], "excluded_lines": [], "start_line": 36}, "HGVSVariantParser._extract_gene_symbol": {"executed_lines": [81, 82, 83, 84, 85], "summary": {"covered_lines": 5, "num_statements": 5, "percent_covered": 100.0, "percent_covered_display": "100", "missing_lines": 0, "excluded_lines": 0, "percent_statements_covered": 100.0, "percent_statements_covered_display": "100"}, "missing_lines": [], "excluded_lines": [], "start_line": 79}, "HGVSVariantParser.validate_reference": {"executed_lines": [102, 103, 104, 106, 107, 108, 112, 114], "summary": {"covered_lines": 8, "num_statements": 8, "percent_covered": 100.0, "percent_covered_display": "100", "missing_lines": 0, "excluded_lines": 0, "percent_statements_covered": 100.0, "percent_statements_covered_display": "100"}, "missing_lines": [], "excluded_lines": [], "start_line": 87}, "parse_variant": {"executed_lines": [119, 120], "summary": {"covered_lines": 2, "num_statements": 2, "percent_covered": 100.0, "percent_covered_display": "100", "missing_lines": 0, "excluded_lines": 0, "percent_statements_covered": 100.0, "percent_statements_covered_display": "100"}, "missing_lines": [], "excluded_lines": [], "start_line": 117}, "": {"executed_lines": [2, 3, 4, 5, 7, 10, 12, 13, 14, 15, 16, 17, 18, 21, 25, 33, 36, 79, 87, 117], "summary": {"covered_lines": 20, "num_statements": 20, "percent_covered": 100.0, "percent_covered_display": "100", "missing_lines": 0, "excluded_lines": 0, "percent_statements_covered": 100.0, "percent_statements_covered_display": "100"}, "missing_lines": [], "excluded_lines": [], "start_line": 1}}, "classes": {"VariantComponents": {"executed_lines": [], "summary": {"covered_lines": 0, "num_statements": 0, "percent_covered": 100.0, "percent_covered_display": "100", "missing_lines": 0, "excluded_lines": 0, "percent_statements_covered": 100.0, "percent_statements_covered_display": "100"}, "missing_lines": [], "excluded_lines": [], "start_line": 10}, "HGVSVariantParser": {"executed_lines": [34, 49, 50, 51, 52, 55, 56, 59, 60, 63, 64, 66, 67, 69, 81, 82, 83, 84, 85, 102, 103, 104, 106, 107, 108, 112, 114], "summary": {"covered_lines": 27, "num_statements": 27, "percent_covered": 100.0, "percent_covered_display": "100", "missing_lines": 0, "excluded_lines": 0, "percent_statements_covered": 100.0, "percent_statements_covered_display": "100"}, "missing_lines": [], "excluded_lines": [], "start_line": 21}, "": {"executed_lines": [2, 3, 4, 5, 7, 10, 12, 13, 14, 15, 16, 17, 18, 21, 25, 33, 36, 79, 87, 117, 119, 120], "summary": {"covered_lines": 22, "num_statements": 22, "percent_covered": 100.0, "percent_covered_display": "100", "missing_lines": 0, "excluded_lines": 0, "percent_statements_covered": 100.0, "percent_statements_covered_display": "100"}, "missing_lines": [], "excluded_lines": [], "start_line": 1}}}, "src/analysis/variant_workflow.py": {"executed_lines": [2, 3, 4, 6, 8, 9, 10, 12, 15, 16, 18, 19, 20, 21, 24, 29, 41, 42, 45, 50, 51, 52, 53, 57, 58, 60, 76, 79, 80, 83, 84, 85, 88, 89, 90, 91, 97, 107, 123, 139, 140, 143, 157, 158, 159, 160, 161, 162, 163, 171, 184, 185, 186, 187, 191, 192, 193, 195, 200], "summary": {"covered_lines": 59, "num_statements": 68, "percent_covered": 86.76470588235294, "percent_covered_display": "87", "missing_lines": 9, "excluded_lines": 0, "percent_statements_covered": 86.76470588235294, "percent_statements_covered_display": "87"}, "missing_lines": [98, 99, 100, 141, 165, 166, 167, 168, 169], "excluded_lines": [], "functions": {"VariantEffectWorkflow.__init__": {"executed_lines": [41, 42, 45, 50, 51, 52, 53, 57, 58], "summary": {"covered_lines": 9, "num_statements": 9, "percent_covered": 100.0, "percent_covered_display": "100", "missing_lines": 0, "excluded_lines": 0, "percent_statements_covered": 100.0, "percent_statements_covered_display": "100"}, "missing_lines": [], "excluded_lines": [], "start_line": 29}, "VariantEffectWorkflow.predict_from_hgvs": {"executed_lines": [76, 79, 80, 83, 84, 85, 88, 89, 90, 91, 97, 107], "summary": {"covered_lines": 12, "num_statements": 15, "percent_covered": 80.0, "percent_covered_display": "80", "missing_lines": 3, "excluded_lines": 0, "percent_statements_covered": 80.0, "percent_statements_covered_display": "80"}, "missing_lines": [98, 99, 100], "excluded_lines": [], "start_line": 60}, "VariantEffectWorkflow._fetch_sequence_for_variant": {"executed_lines": [139, 140], "summary": {"covered_lines": 2, "num_statements": 3, "percent_covered": 66.66666666666667, "percent_covered_display": "67", "missing_lines": 1, "excluded_lines": 0, "percent_statements_covered": 66.66666666666667, "percent_statements_covered_display": "67"}, "missing_lines": [141], "excluded_lines": [], "start_line": 123}, "VariantEffectWorkflow.fetch_sequence_from_uniprot": {"executed_lines": [157, 158, 159, 160, 161, 162, 163], "summary": {"covered_lines": 7, "num_statements": 12, "percent_covered": 58.333333333333336, "percent_covered_display": "58", "missing_lines": 5, "excluded_lines": 0, "percent_statements_covered": 58.333333333333336, "percent_statements_covered_display": "58"}, "missing_lines": [165, 166, 167, 168, 169], "excluded_lines": [], "start_line": 143}, "VariantEffectWorkflow.predict_batch": {"executed_lines": [184, 185, 186, 187, 191, 192, 193, 195, 200], "summary": {"covered_lines": 9, "num_statements": 9, "percent_covered": 100.0, "percent_covered_display": "100", "missing_lines": 0, "excluded_lines": 0, "percent_statements_covered": 100.0, "percent_statements_covered_display": "100"}, "missing_lines": [], "excluded_lines": [], "start_line": 171}, "": {"executed_lines": [2, 3, 4, 6, 8, 9, 10, 12, 15, 16, 18, 19, 20, 21, 24, 29, 60, 123, 143, 171], "summary": {"covered_lines": 20, "num_statements": 20, "percent_covered": 100.0, "percent_covered_display": "100", "missing_lines": 0, "excluded_lines": 0, "percent_statements_covered": 100.0, "percent_statements_covered_display": "100"}, "missing_lines": [], "excluded_lines": [], "start_line": 1}}, "classes": {"VariantEffectResult": {"executed_lines": [], "summary": {"covered_lines": 0, "num_statements": 0, "percent_covered": 100.0, "percent_covered_display": "100", "missing_lines": 0, "excluded_lines": 0, "percent_statements_covered": 100.0, "percent_statements_covered_display": "100"}, "missing_lines": [], "excluded_lines": [], "start_line": 16}, "VariantEffectWorkflow": {"executed_lines": [41, 42, 45, 50, 51, 52, 53, 57, 58, 76, 79, 80, 83, 84, 85, 88, 89, 90, 91, 97, 107, 139, 140, 157, 158, 159, 160, 161, 162, 163, 184, 185, 186, 187, 191, 192, 193, 195, 200], "summary": {"covered_lines": 39, "num_statements": 48, "percent_covered": 81.25, "percent_covered_display": "81", "missing_lines": 9, "excluded_lines": 0, "percent_statements_covered": 81.25, "percent_statements_covered_display": "81"}, "missing_lines": [98, 99, 100, 141, 165, 166, 167, 168, 169], "excluded_lines": [], "start_line": 24}, "": {"executed_lines": [2, 3, 4, 6, 8, 9, 10, 12, 15, 16, 18, 19, 20, 21, 24, 29, 60, 123, 143, 171], "summary": {"covered_lines": 20, "num_statements": 20, "percent_covered": 100.0, "percent_covered_display": "100", "missing_lines": 0, "excluded_lines": 0, "percent_statements_covered": 100.0, "percent_statements_covered_display": "100"}, "missing_lines": [], "excluded_lines": [], "start_line": 1}}}, "src/api/__init__.py": {"executed_lines": [3, 12, 14], "summary": {"covered_lines": 3, "num_statements": 3, "percent_covered": 100.0, "percent_covered_display": "100", "missing_lines": 0, "excluded_lines": 0, "percent_statements_covered": 100.0, "percent_statements_covered_display": "100"}, "missing_lines": [], "excluded_lines": [], "functions": {"": {"executed_lines": [3, 12, 14], "summary": {"covered_lines": 3, "num_statements": 3, "percent_covered": 100.0, "percent_covered_display": "100", "missing_lines": 0, "excluded_lines": 0, "percent_statements_covered": 100.0, "percent_statements_covered_display": "100"}, "missing_lines": [], "excluded_lines": [], "start_line": 1}}, "classes": {"": {"executed_lines": [3, 12, 14], "summary": {"covered_lines": 3, "num_statements": 3, "percent_covered": 100.0, "percent_covered_display": "100", "missing_lines": 0, "excluded_lines": 0, "percent_statements_covered": 100.0, "percent_statements_covered_display": "100"}, "missing_lines": [], "excluded_lines": [], "start_line": 1}}}, "src/api/routes.py": {"executed_lines": [], "summary": {"covered_lines": 0, "num_statements": 2, "percent_covered": 0.0, "percent_covered_display": "0", "missing_lines": 2, "excluded_lines": 0, "percent_statements_covered": 0.0, "percent_statements_covered_display": "0"}, "missing_lines": [3, 12], "excluded_lines": [], "functions": {"": {"executed_lines": [], "summary": {"covered_lines": 0, "num_statements": 2, "percent_covered": 0.0, "percent_covered_display": "0", "missing_lines": 2, "excluded_lines": 0, "percent_statements_covered": 0.0, "percent_statements_covered_display": "0"}, "missing_lines": [3, 12], "excluded_lines": [], "start_line": 1}}, "classes": {"": {"executed_lines": [], "summary": {"covered_lines": 0, "num_statements": 2, "percent_covered": 0.0, "percent_covered_display": "0", "missing_lines": 2, "excluded_lines": 0, "percent_statements_covered": 0.0, "percent_statements_covered_display": "0"}, "missing_lines": [3, 12], "excluded_lines": [], "start_line": 1}}}, "src/api/routes/__init__.py": {"executed_lines": [3, 5, 6, 7, 14, 15, 16, 18], "summary": {"covered_lines": 8, "num_statements": 8, "percent_covered": 100.0, "percent_covered_display": "100", "missing_lines": 0, "excluded_lines": 0, "percent_statements_covered": 100.0, "percent_statements_covered_display": "100"}, "missing_lines": [], "excluded_lines": [], "functions": {"": {"executed_lines": [3, 5, 6, 7, 14, 15, 16, 18], "summary": {"covered_lines": 8, "num_statements": 8, "percent_covered": 100.0, "percent_covered_display": "100", "missing_lines": 0, "excluded_lines": 0, "percent_statements_covered": 100.0, "percent_statements_covered_display": "100"}, "missing_lines": [], "excluded_lines": [], "start_line": 1}}, "classes": {"": {"executed_lines": [3, 5, 6, 7, 14, 15, 16, 18], "summary": {"covered_lines": 8, "num_statements": 8, "percent_covered": 100.0, "percent_covered_display": "100", "missing_lines": 0, "excluded_lines": 0, "percent_statements_covered": 100.0, "percent_statements_covered_display": "100"}, "missing_lines": [], "excluded_lines": [], "start_line": 1}}}, "src/api/routes/model_info.py": {"executed_lines": [3, 5, 7, 8, 9, 11, 14, 15, 22, 30, 31, 32, 39, 45, 58], "summary": {"covered_lines": 15, "num_statements": 16, "percent_covered": 93.75, "percent_covered_display": "94", "missing_lines": 1, "excluded_lines": 0, "percent_statements_covered": 93.75, "percent_statements_covered_display": "94"}, "missing_lines": [40], "excluded_lines": [], "functions": {"health_check": {"executed_lines": [22], "summary": {"covered_lines": 1, "num_statements": 1, "percent_covered": 100.0, "percent_covered_display": "100", "missing_lines": 0, "excluded_lines": 0, "percent_statements_covered": 100.0, "percent_statements_covered_display": "100"}, "missing_lines": [], "excluded_lines": [], "start_line": 15}, "get_model_info": {"executed_lines": [39, 45], "summary": {"covered_lines": 2, "num_statements": 3, "percent_covered": 66.66666666666667, "percent_covered_display": "67", "missing_lines": 1, "excluded_lines": 0, "percent_statements_covered": 66.66666666666667, "percent_statements_covered_display": "67"}, "missing_lines": [40], "excluded_lines": [], "start_line": 32}, "": {"executed_lines": [3, 5, 7, 8, 9, 11, 14, 15, 30, 31, 32, 58], "summary": {"covered_lines": 12, "num_statements": 12, "percent_covered": 100.0, "percent_covered_display": "100", "missing_lines": 0, "excluded_lines": 0, "percent_statements_covered": 100.0, "percent_statements_covered_display": "100"}, "missing_lines": [], "excluded_lines": [], "start_line": 1}}, "classes": {"": {"executed_lines": [3, 5, 7, 8, 9, 11, 14, 15, 22, 30, 31, 32, 39, 45, 58], "summary": {"covered_lines": 15, "num_statements": 16, "percent_covered": 93.75, "percent_covered_display": "94", "missing_lines": 1, "excluded_lines": 0, "percent_statements_covered": 93.75, "percent_statements_covered_display": "94"}, "missing_lines": [40], "excluded_lines": [], "start_line": 1}}}, "src/api/routes/predictions.py": {"executed_lines": [3, 4, 6, 7, 9, 20, 21, 22, 23, 25, 27, 30, 40, 42, 43, 49, 54, 55, 60, 61, 62, 64, 65, 66, 67, 68, 70, 71, 73, 74, 75, 76, 77, 78, 80, 81, 82, 83, 84, 85, 87, 94, 95, 105, 111, 113, 114, 116, 117, 118, 120, 122, 123, 128, 129, 136, 137, 138, 139, 141, 146, 148, 155, 156, 157, 158, 159, 165, 166, 167, 177, 183, 185, 187, 188, 190, 191, 193, 194, 195, 197, 199, 200, 205, 206, 213, 214, 215, 216, 218, 223, 225, 234, 236, 237, 238, 243, 245, 252, 253, 263, 264, 350], "summary": {"covered_lines": 103, "num_statements": 139, "percent_covered": 74.10071942446044, "percent_covered_display": "74", "missing_lines": 36, "excluded_lines": 0, "percent_statements_covered": 74.10071942446044, "percent_statements_covered_display": "74"}, "missing_lines": [106, 125, 126, 131, 178, 202, 203, 208, 235, 269, 270, 272, 273, 274, 275, 276, 277, 278, 279, 280, 285, 286, 291, 296, 307, 308, 309, 319, 320, 322, 324, 340, 341, 342, 343, 344], "excluded_lines": [], "functions": {"preprocess_request": {"executed_lines": [40, 42, 43, 49, 54, 55, 60, 61, 62, 64, 65, 66, 67, 68, 70, 71, 73, 74, 75, 76, 77, 78, 80, 81, 82, 83, 84, 85, 87], "summary": {"covered_lines": 29, "num_statements": 29, "percent_covered": 100.0, "percent_covered_display": "100", "missing_lines": 0, "excluded_lines": 0, "percent_statements_covered": 100.0, "percent_statements_covered_display": "100"}, "missing_lines": [], "excluded_lines": [], "start_line": 30}, "predict": {"executed_lines": [105, 111, 113, 114, 116, 117, 118, 120, 122, 123, 128, 129, 136, 137, 138, 139, 141, 146, 148, 155, 156, 157, 158, 159], "summary": {"covered_lines": 24, "num_statements": 28, "percent_covered": 85.71428571428571, "percent_covered_display": "86", "missing_lines": 4, "excluded_lines": 0, "percent_statements_covered": 85.71428571428571, "percent_statements_covered_display": "86"}, "missing_lines": [106, 125, 126, 131], "excluded_lines": [], "start_line": 95}, "batch_predict": {"executed_lines": [177, 183, 185, 187, 188, 190, 191, 193, 194, 195, 197, 199, 200, 205, 206, 213, 214, 215, 216, 218, 223, 225, 234, 236, 237, 238, 243, 245], "summary": {"covered_lines": 28, "num_statements": 33, "percent_covered": 84.84848484848484, "percent_covered_display": "85", "missing_lines": 5, "excluded_lines": 0, "percent_statements_covered": 84.84848484848484, "percent_statements_covered_display": "85"}, "missing_lines": [178, 202, 203, 208, 235], "excluded_lines": [], "start_line": 167}, "predict_variant": {"executed_lines": [263, 264], "summary": {"covered_lines": 2, "num_statements": 29, "percent_covered": 6.896551724137931, "percent_covered_display": "7", "missing_lines": 27, "excluded_lines": 0, "percent_statements_covered": 6.896551724137931, "percent_statements_covered_display": "7"}, "missing_lines": [269, 270, 272, 273, 274, 275, 276, 277, 278, 279, 280, 285, 286, 291, 296, 307, 308, 309, 319, 320, 322, 324, 340, 341, 342, 343, 344], "excluded_lines": [], "start_line": 253}, "": {"executed_lines": [3, 4, 6, 7, 9, 20, 21, 22, 23, 25, 27, 30, 94, 95, 165, 166, 167, 252, 253, 350], "summary": {"covered_lines": 20, "num_statements": 20, "percent_covered": 100.0, "percent_covered_display": "100", "missing_lines": 0, "excluded_lines": 0, "percent_statements_covered": 100.0, "percent_statements_covered_display": "100"}, "missing_lines": [], "excluded_lines": [], "start_line": 1}}, "classes": {"": {"executed_lines": [3, 4, 6, 7, 9, 20, 21, 22, 23, 25, 27, 30, 40, 42, 43, 49, 54, 55, 60, 61, 62, 64, 65, 66, 67, 68, 70, 71, 73, 74, 75, 76, 77, 78, 80, 81, 82, 83, 84, 85, 87, 94, 95, 105, 111, 113, 114, 116, 117, 118, 120, 122, 123, 128, 129, 136, 137, 138, 139, 141, 146, 148, 155, 156, 157, 158, 159, 165, 166, 167, 177, 183, 185, 187, 188, 190, 191, 193, 194, 195, 197, 199, 200, 205, 206, 213, 214, 215, 216, 218, 223, 225, 234, 236, 237, 238, 243, 245, 252, 253, 263, 264, 350], "summary": {"covered_lines": 103, "num_statements": 139, "percent_covered": 74.10071942446044, "percent_covered_display": "74", "missing_lines": 36, "excluded_lines": 0, "percent_statements_covered": 74.10071942446044, "percent_statements_covered_display": "74"}, "missing_lines": [106, 125, 126, 131, 178, 202, 203, 208, 235, 269, 270, 272, 273, 274, 275, 276, 277, 278, 279, 280, 285, 286, 291, 296, 307, 308, 309, 319, 320, 322, 324, 340, 341, 342, 343, 344], "excluded_lines": [], "start_line": 1}}}, "src/api/routes/state.py": {"executed_lines": [3, 4, 6, 8, 9, 11, 12, 14, 19, 22, 23, 24, 25, 26, 27, 28, 29, 30, 31, 32, 35, 38, 45, 46, 47, 48, 49, 50, 51, 52, 53, 54, 55, 56, 59, 74], "summary": {"covered_lines": 36, "num_statements": 49, "percent_covered": 73.46938775510205, "percent_covered_display": "73", "missing_lines": 13, "excluded_lines": 0, "percent_statements_covered": 73.46938775510205, "percent_statements_covered_display": "73"}, "missing_lines": [15, 16, 17, 61, 62, 63, 64, 66, 67, 68, 69, 70, 71], "excluded_lines": [], "functions": {"initialize_model": {"executed_lines": [45, 46, 47, 48, 49, 50, 51, 52, 53, 54, 55, 56], "summary": {"covered_lines": 12, "num_statements": 12, "percent_covered": 100.0, "percent_covered_display": "100", "missing_lines": 0, "excluded_lines": 0, "percent_statements_covered": 100.0, "percent_statements_covered_display": "100"}, "missing_lines": [], "excluded_lines": [], "start_line": 38}, "initialize_variant_workflow": {"executed_lines": [], "summary": {"covered_lines": 0, "num_statements": 10, "percent_covered": 0.0, "percent_covered_display": "0", "missing_lines": 10, "excluded_lines": 0, "percent_statements_covered": 0.0, "percent_statements_covered_display": "0"}, "missing_lines": [61, 62, 63, 64, 66, 67, 68, 69, 70, 71], "excluded_lines": [], "start_line": 59}, "": {"executed_lines": [3, 4, 6, 8, 9, 11, 12, 14, 19, 22, 23, 24, 25, 26, 27, 28, 29, 30, 31, 32, 35, 38, 59, 74], "summary": {"covered_lines": 24, "num_statements": 27, "percent_covered": 88.88888888888889, "percent_covered_display": "89", "missing_lines": 3, "excluded_lines": 0, "percent_statements_covered": 88.88888888888889, "percent_statements_covered_display": "89"}, "missing_lines": [15, 16, 17], "excluded_lines": [], "start_line": 1}}, "classes": {"_ModelState": {"executed_lines": [], "summary": {"covered_lines": 0, "num_statements": 0, "percent_covered": 100.0, "percent_covered_display": "100", "missing_lines": 0, "excluded_lines": 0, "percent_statements_covered": 100.0, "percent_statements_covered_display": "100"}, "missing_lines": [], "excluded_lines": [], "start_line": 23}, "": {"executed_lines": [3, 4, 6, 8, 9, 11, 12, 14, 19, 22, 23, 24, 25, 26, 27, 28, 29, 30, 31, 32, 35, 38, 45, 46, 47, 48, 49, 50, 51, 52, 53, 54, 55, 56, 59, 74], "summary": {"covered_lines": 36, "num_statements": 49, "percent_covered": 73.46938775510205, "percent_covered_display": "73", "missing_lines": 13, "excluded_lines": 0, "percent_statements_covered": 73.46938775510205, "percent_statements_covered_display": "73"}, "missing_lines": [15, 16, 17, 61, 62, 63, 64, 66, 67, 68, 69, 70, 71], "excluded_lines": [], "start_line": 1}}}, "src/api/schemas.py": {"executed_lines": [7, 8, 11, 16, 17, 18, 21, 25, 26, 29, 33, 36, 40, 41, 42, 43, 46, 50, 51, 52, 55, 59, 60, 61, 62, 65, 69, 70, 71, 72, 73, 74, 75, 80, 82, 83, 84, 85, 86, 89, 91, 92, 93, 94, 97, 99, 100, 101, 102, 103, 104, 107, 109, 110, 111, 112, 115, 117, 118, 119, 120, 121, 122, 123], "summary": {"covered_lines": 64, "num_statements": 64, "percent_covered": 100.0, "percent_covered_display": "100", "missing_lines": 0, "excluded_lines": 0, "percent_statements_covered": 100.0, "percent_statements_covered_display": "100"}, "missing_lines": [], "excluded_lines": [], "functions": {"": {"executed_lines": [7, 8, 11, 16, 17, 18, 21, 25, 26, 29, 33, 36, 40, 41, 42, 43, 46, 50, 51, 52, 55, 59, 60, 61, 62, 65, 69, 70, 71, 72, 73, 74, 75, 80, 82, 83, 84, 85, 86, 89, 91, 92, 93, 94, 97, 99, 100, 101, 102, 103, 104, 107, 109, 110, 111, 112, 115, 117, 118, 119, 120, 121, 122, 123], "summary": {"covered_lines": 64, "num_statements": 64, "percent_covered": 100.0, "percent_covered_display": "100", "missing_lines": 0, "excluded_lines": 0, "percent_statements_covered": 100.0, "percent_statements_covered_display": "100"}, "missing_lines": [], "excluded_lines": [], "start_line": 1}}, "classes": {"PTMSite": {"executed_lines": [], "summary": {"covered_lines": 0, "num_statements": 0, "percent_covered": 100.0, "percent_covered_display": "100", "missing_lines": 0, "excluded_lines": 0, "percent_statements_covered": 100.0, "percent_statements_covered_display": "100"}, "missing_lines": [], "excluded_lines": [], "start_line": 11}, "PredictionRequest": {"executed_lines": [], "summary": {"covered_lines": 0, "num_statements": 0, "percent_covered": 100.0, "percent_covered_display": "100", "missing_lines": 0, "excluded_lines": 0, "percent_statements_covered": 100.0, "percent_statements_covered_display": "100"}, "missing_lines": [], "excluded_lines": [], "start_line": 21}, "BatchPredictionRequest": {"executed_lines": [], "summary": {"covered_lines": 0, "num_statements": 0, "percent_covered": 100.0, "percent_covered_display": "100", "missing_lines": 0, "excluded_lines": 0, "percent_statements_covered": 100.0, "percent_statements_covered_display": "100"}, "missing_lines": [], "excluded_lines": [], "start_line": 29}, "PredictionResponse": {"executed_lines": [], "summary": {"covered_lines": 0, "num_statements": 0, "percent_covered": 100.0, "percent_covered_display": "100", "missing_lines": 0, "excluded_lines": 0, "percent_statements_covered": 100.0, "percent_statements_covered_display": "100"}, "missing_lines": [], "excluded_lines": [], "start_line": 36}, "BatchPredictionResponse": {"executed_lines": [], "summary": {"covered_lines": 0, "num_statements": 0, "percent_covered": 100.0, "percent_covered_display": "100", "missing_lines": 0, "excluded_lines": 0, "percent_statements_covered": 100.0, "percent_statements_covered_display": "100"}, "missing_lines": [], "excluded_lines": [], "start_line": 46}, "HealthResponse": {"executed_lines": [], "summary": {"covered_lines": 0, "num_statements": 0, "percent_covered": 100.0, "percent_covered_display": "100", "missing_lines": 0, "excluded_lines": 0, "percent_statements_covered": 100.0, "percent_statements_covered_display": "100"}, "missing_lines": [], "excluded_lines": [], "start_line": 55}, "ModelInfoResponse": {"executed_lines": [], "summary": {"covered_lines": 0, "num_statements": 0, "percent_covered": 100.0, "percent_covered_display": "100", "missing_lines": 0, "excluded_lines": 0, "percent_statements_covered": 100.0, "percent_statements_covered_display": "100"}, "missing_lines": [], "excluded_lines": [], "start_line": 65}, "PTMEffect": {"executed_lines": [], "summary": {"covered_lines": 0, "num_statements": 0, "percent_covered": 100.0, "percent_covered_display": "100", "missing_lines": 0, "excluded_lines": 0, "percent_statements_covered": 100.0, "percent_statements_covered_display": "100"}, "missing_lines": [], "excluded_lines": [], "start_line": 80}, "PathwayImpact": {"executed_lines": [], "summary": {"covered_lines": 0, "num_statements": 0, "percent_covered": 100.0, "percent_covered_display": "100", "missing_lines": 0, "excluded_lines": 0, "percent_statements_covered": 100.0, "percent_statements_covered_display": "100"}, "missing_lines": [], "excluded_lines": [], "start_line": 89}, "VariantInfo": {"executed_lines": [], "summary": {"covered_lines": 0, "num_statements": 0, "percent_covered": 100.0, "percent_covered_display": "100", "missing_lines": 0, "excluded_lines": 0, "percent_statements_covered": 100.0, "percent_statements_covered_display": "100"}, "missing_lines": [], "excluded_lines": [], "start_line": 97}, "VariantPredictionRequest": {"executed_lines": [], "summary": {"covered_lines": 0, "num_statements": 0, "percent_covered": 100.0, "percent_covered_display": "100", "missing_lines": 0, "excluded_lines": 0, "percent_statements_covered": 100.0, "percent_statements_covered_display": "100"}, "missing_lines": [], "excluded_lines": [], "start_line": 107}, "VariantPredictionResponse": {"executed_lines": [], "summary": {"covered_lines": 0, "num_statements": 0, "percent_covered": 100.0, "percent_covered_display": "100", "missing_lines": 0, "excluded_lines": 0, "percent_statements_covered": 100.0, "percent_statements_covered_display": "100"}, "missing_lines": [], "excluded_lines": [], "start_line": 115}, "": {"executed_lines": [7, 8, 11, 16, 17, 18, 21, 25, 26, 29, 33, 36, 40, 41, 42, 43, 46, 50, 51, 52, 55, 59, 60, 61, 62, 65, 69, 70, 71, 72, 73, 74, 75, 80, 82, 83, 84, 85, 86, 89, 91, 92, 93, 94, 97, 99, 100, 101, 102, 103, 104, 107, 109, 110, 111, 112, 115, 117, 118, 119, 120, 121, 122, 123], "summary": {"covered_lines": 64, "num_statements": 64, "percent_covered": 100.0, "percent_covered_display": "100", "missing_lines": 0, "excluded_lines": 0, "percent_statements_covered": 100.0, "percent_statements_covered_display": "100"}, "missing_lines": [], "excluded_lines": [], "start_line": 1}}}, "src/data/__init__.py": {"executed_lines": [3, 4, 5, 6, 7, 8, 14, 21], "summary": {"covered_lines": 8, "num_statements": 8, "percent_covered": 100.0, "percent_covered_display": "100", "missing_lines": 0, "excluded_lines": 0, "percent_statements_covered": 100.0, "percent_statements_covered_display": "100"}, "missing_lines": [], "excluded_lines": [], "functions": {"": {"executed_lines": [3, 4, 5, 6, 7, 8, 14, 21], "summary": {"covered_lines": 8, "num_statements": 8, "percent_covered": 100.0, "percent_covered_display": "100", "missing_lines": 0, "excluded_lines": 0, "percent_statements_covered": 100.0, "percent_statements_covered_display": "100"}, "missing_lines": [], "excluded_lines": [], "start_line": 1}}, "classes": {"": {"executed_lines": [3, 4, 5, 6, 7, 8, 14, 21], "summary": {"covered_lines": 8, "num_statements": 8, "percent_covered": 100.0, "percent_covered_display": "100", "missing_lines": 0, "excluded_lines": 0, "percent_statements_covered": 100.0, "percent_statements_covered_display": "100"}, "missing_lines": [], "excluded_lines": [], "start_line": 1}}}, "src/data/augmentation.py": {"executed_lines": [6, 7, 9, 11, 13, 16, 22, 46, 75, 97, 104, 118, 124, 142, 180, 217, 223, 239, 248, 252], "summary": {"covered_lines": 20, "num_statements": 103, "percent_covered": 19.41747572815534, "percent_covered_display": "19", "missing_lines": 83, "excluded_lines": 0, "percent_statements_covered": 19.41747572815534, "percent_statements_covered_display": "19"}, "missing_lines": [40, 41, 42, 43, 44, 56, 57, 59, 62, 63, 66, 67, 70, 71, 73, 77, 78, 79, 81, 82, 84, 86, 88, 89, 92, 93, 95, 99, 100, 101, 102, 106, 107, 108, 110, 111, 112, 113, 115, 138, 139, 140, 157, 158, 161, 162, 163, 164, 167, 168, 169, 170, 171, 172, 173, 174, 175, 177, 191, 193, 194, 196, 198, 199, 201, 202, 203, 204, 205, 207, 210, 211, 213, 214, 232, 233, 234, 237, 241, 246, 249, 262, 289], "excluded_lines": [], "functions": {"SequenceAugmenter.__init__": {"executed_lines": [], "summary": {"covered_lines": 0, "num_statements": 5, "percent_covered": 0.0, "percent_covered_display": "0", "missing_lines": 5, "excluded_lines": 0, "percent_statements_covered": 0.0, "percent_statements_covered_display": "0"}, "missing_lines": [40, 41, 42, 43, 44], "excluded_lines": [], "start_line": 22}, "SequenceAugmenter.__call__": {"executed_lines": [], "summary": {"covered_lines": 0, "num_statements": 10, "percent_covered": 0.0, "percent_covered_display": "0", "missing_lines": 10, "excluded_lines": 0, "percent_statements_covered": 0.0, "percent_statements_covered_display": "0"}, "missing_lines": [56, 57, 59, 62, 63, 66, 67, 70, 71, 73], "excluded_lines": [], "start_line": 46}, "SequenceAugmenter._random_truncate": {"executed_lines": [], "summary": {"covered_lines": 0, "num_statements": 12, "percent_covered": 0.0, "percent_covered_display": "0", "missing_lines": 12, "excluded_lines": 0, "percent_statements_covered": 0.0, "percent_statements_covered_display": "0"}, "missing_lines": [77, 78, 79, 81, 82, 84, 86, 88, 89, 92, 93, 95], "excluded_lines": [], "start_line": 75}, "SequenceAugmenter._random_mask": {"executed_lines": [], "summary": {"covered_lines": 0, "num_statements": 4, "percent_covered": 0.0, "percent_covered_display": "0", "missing_lines": 4, "excluded_lines": 0, "percent_statements_covered": 0.0, "percent_statements_covered_display": "0"}, "missing_lines": [99, 100, 101, 102], "excluded_lines": [], "start_line": 97}, "SequenceAugmenter._random_swap": {"executed_lines": [], "summary": {"covered_lines": 0, "num_statements": 8, "percent_covered": 0.0, "percent_covered_display": "0", "missing_lines": 8, "excluded_lines": 0, "percent_statements_covered": 0.0, "percent_statements_covered_display": "0"}, "missing_lines": [106, 107, 108, 110, 111, 112, 113, 115], "excluded_lines": [], "start_line": 104}, "PTMAugmenter.__init__": {"executed_lines": [], "summary": {"covered_lines": 0, "num_statements": 3, "percent_covered": 0.0, "percent_covered_display": "0", "missing_lines": 3, "excluded_lines": 0, "percent_statements_covered": 0.0, "percent_statements_covered_display": "0"}, "missing_lines": [138, 139, 140], "excluded_lines": [], "start_line": 124}, "PTMAugmenter.__call__": {"executed_lines": [], "summary": {"covered_lines": 0, "num_statements": 16, "percent_covered": 0.0, "percent_covered_display": "0", "missing_lines": 16, "excluded_lines": 0, "percent_statements_covered": 0.0, "percent_statements_covered_display": "0"}, "missing_lines": [157, 158, 161, 162, 163, 164, 167, 168, 169, 170, 171, 172, 173, 174, 175, 177], "excluded_lines": [], "start_line": 142}, "compute_sample_weights": {"executed_lines": [], "summary": {"covered_lines": 0, "num_statements": 16, "percent_covered": 0.0, "percent_covered_display": "0", "missing_lines": 16, "excluded_lines": 0, "percent_statements_covered": 0.0, "percent_statements_covered_display": "0"}, "missing_lines": [191, 193, 194, 196, 198, 199, 201, 202, 203, 204, 205, 207, 210, 211, 213, 214], "excluded_lines": [], "start_line": 180}, "WeightedRandomSampler.__init__": {"executed_lines": [], "summary": {"covered_lines": 0, "num_statements": 4, "percent_covered": 0.0, "percent_covered_display": "0", "missing_lines": 4, "excluded_lines": 0, "percent_statements_covered": 0.0, "percent_statements_covered_display": "0"}, "missing_lines": [232, 233, 234, 237], "excluded_lines": [], "start_line": 223}, "WeightedRandomSampler.__iter__": {"executed_lines": [], "summary": {"covered_lines": 0, "num_statements": 2, "percent_covered": 0.0, "percent_covered_display": "0", "missing_lines": 2, "excluded_lines": 0, "percent_statements_covered": 0.0, "percent_statements_covered_display": "0"}, "missing_lines": [241, 246], "excluded_lines": [], "start_line": 239}, "WeightedRandomSampler.__len__": {"executed_lines": [], "summary": {"covered_lines": 0, "num_statements": 1, "percent_covered": 0.0, "percent_covered_display": "0", "missing_lines": 1, "excluded_lines": 0, "percent_statements_covered": 0.0, "percent_statements_covered_display": "0"}, "missing_lines": [249], "excluded_lines": [], "start_line": 248}, "get_augmentation_config": {"executed_lines": [], "summary": {"covered_lines": 0, "num_statements": 2, "percent_covered": 0.0, "percent_covered_display": "0", "missing_lines": 2, "excluded_lines": 0, "percent_statements_covered": 0.0, "percent_statements_covered_display": "0"}, "missing_lines": [262, 289], "excluded_lines": [], "start_line": 252}, "": {"executed_lines": [6, 7, 9, 11, 13, 16, 22, 46, 75, 97, 104, 118, 124, 142, 180, 217, 223, 239, 248, 252], "summary": {"covered_lines": 20, "num_statements": 20, "percent_covered": 100.0, "percent_covered_display": "100", "missing_lines": 0, "excluded_lines": 0, "percent_statements_covered": 100.0, "percent_statements_covered_display": "100"}, "missing_lines": [], "excluded_lines": [], "start_line": 1}}, "classes": {"SequenceAugmenter": {"executed_lines": [], "summary": {"covered_lines": 0, "num_statements": 39, "percent_covered": 0.0, "percent_covered_display": "0", "missing_lines": 39, "excluded_lines": 0, "percent_statements_covered": 0.0, "percent_statements_covered_display": "0"}, "missing_lines": [40, 41, 42, 43, 44, 56, 57, 59, 62, 63, 66, 67, 70, 71, 73, 77, 78, 79, 81, 82, 84, 86, 88, 89, 92, 93, 95, 99, 100, 101, 102, 106, 107, 108, 110, 111, 112, 113, 115], "excluded_lines": [], "start_line": 16}, "PTMAugmenter": {"executed_lines": [], "summary": {"covered_lines": 0, "num_statements": 19, "percent_covered": 0.0, "percent_covered_display": "0", "missing_lines": 19, "excluded_lines": 0, "percent_statements_covered": 0.0, "percent_statements_covered_display": "0"}, "missing_lines": [138, 139, 140, 157, 158, 161, 162, 163, 164, 167, 168, 169, 170, 171, 172, 173, 174, 175, 177], "excluded_lines": [], "start_line": 118}, "WeightedRandomSampler": {"executed_lines": [], "summary": {"covered_lines": 0, "num_statements": 7, "percent_covered": 0.0, "percent_covered_display": "0", "missing_lines": 7, "excluded_lines": 0, "percent_statements_covered": 0.0, "percent_statements_covered_display": "0"}, "missing_lines": [232, 233, 234, 237, 241, 246, 249], "excluded_lines": [], "start_line": 217}, "": {"executed_lines": [6, 7, 9, 11, 13, 16, 22, 46, 75, 97, 104, 118, 124, 142, 180, 217, 223, 239, 248, 252], "summary": {"covered_lines": 20, "num_statements": 38, "percent_covered": 52.63157894736842, "percent_covered_display": "53", "missing_lines": 18, "excluded_lines": 0, "percent_statements_covered": 52.63157894736842, "percent_statements_covered_display": "53"}, "missing_lines": [191, 193, 194, 196, 198, 199, 201, 202, 203, 204, 205, 207, 210, 211, 213, 214, 262, 289], "excluded_lines": [], "start_line": 1}}}, "src/data/dataset_base.py": {"executed_lines": [5, 6, 8, 9, 10, 12, 14, 17, 23, 28, 29, 32, 33, 36, 37, 38, 40, 41, 43, 45, 52, 54, 59, 60, 62, 63, 69, 71, 72, 74, 75, 80, 81, 82, 84, 86, 97, 101, 104, 105, 106, 109, 110, 113, 114, 115, 117, 119, 120, 122, 128, 143, 190, 232, 243, 244, 246, 248, 258, 260], "summary": {"covered_lines": 60, "num_statements": 133, "percent_covered": 45.11278195488722, "percent_covered_display": "45", "missing_lines": 73, "excluded_lines": 0, "percent_statements_covered": 45.11278195488722, "percent_statements_covered_display": "45"}, "missing_lines": [67, 73, 76, 77, 79, 98, 102, 124, 125, 126, 130, 132, 133, 135, 136, 137, 138, 139, 141, 150, 157, 158, 159, 167, 168, 169, 170, 173, 174, 175, 176, 177, 179, 180, 186, 188, 192, 194, 195, 196, 197, 198, 199, 201, 202, 203, 204, 205, 206, 207, 209, 210, 211, 212, 213, 214, 215, 217, 218, 219, 220, 221, 222, 224, 225, 226, 227, 229, 249, 251, 252, 253, 255], "excluded_lines": [], "functions": {"PTMDatasetBase.__init__": {"executed_lines": [28, 29, 32, 33, 36, 37, 38, 40, 41], "summary": {"covered_lines": 9, "num_statements": 9, "percent_covered": 100.0, "percent_covered_display": "100", "missing_lines": 0, "excluded_lines": 0, "percent_statements_covered": 100.0, "percent_statements_covered_display": "100"}, "missing_lines": [], "excluded_lines": [], "start_line": 23}, "PTMDatasetBase._get_ptm_types": {"executed_lines": [45, 52], "summary": {"covered_lines": 2, "num_statements": 2, "percent_covered": 100.0, "percent_covered_display": "100", "missing_lines": 0, "excluded_lines": 0, "percent_statements_covered": 100.0, "percent_statements_covered_display": "100"}, "missing_lines": [], "excluded_lines": [], "start_line": 43}, "PTMDatasetBase._encode_label": {"executed_lines": [59, 60, 62, 63], "summary": {"covered_lines": 4, "num_statements": 5, "percent_covered": 80.0, "percent_covered_display": "80", "missing_lines": 1, "excluded_lines": 0, "percent_statements_covered": 80.0, "percent_statements_covered_display": "80"}, "missing_lines": [67], "excluded_lines": [], "start_line": 54}, "PTMDatasetBase._parse_ptm_sites": {"executed_lines": [71, 72, 74, 75, 80, 81, 82, 84], "summary": {"covered_lines": 8, "num_statements": 12, "percent_covered": 66.66666666666667, "percent_covered_display": "67", "missing_lines": 4, "excluded_lines": 0, "percent_statements_covered": 66.66666666666667, "percent_statements_covered_display": "67"}, "missing_lines": [73, 76, 77, 79], "excluded_lines": [], "start_line": 69}, "PTMDatasetBase._validate_ptm_site": {"executed_lines": [97, 101, 104, 105, 106, 109, 110, 113, 114, 115, 117], "summary": {"covered_lines": 11, "num_statements": 13, "percent_covered": 84.61538461538461, "percent_covered_display": "85", "missing_lines": 2, "excluded_lines": 0, "percent_statements_covered": 84.61538461538461, "percent_statements_covered_display": "85"}, "missing_lines": [98, 102], "excluded_lines": [], "start_line": 86}, "PTMDatasetBase.__len__": {"executed_lines": [120], "summary": {"covered_lines": 1, "num_statements": 1, "percent_covered": 100.0, "percent_covered_display": "100", "missing_lines": 0, "excluded_lines": 0, "percent_statements_covered": 100.0, "percent_statements_covered_display": "100"}, "missing_lines": [], "excluded_lines": [], "start_line": 119}, "PTMDatasetBase.get_label_distribution": {"executed_lines": [], "summary": {"covered_lines": 0, "num_statements": 3, "percent_covered": 0.0, "percent_covered_display": "0", "missing_lines": 3, "excluded_lines": 0, "percent_statements_covered": 0.0, "percent_statements_covered_display": "0"}, "missing_lines": [124, 125, 126], "excluded_lines": [], "start_line": 122}, "PTMDatasetBase.get_ptm_type_distribution": {"executed_lines": [], "summary": {"covered_lines": 0, "num_statements": 9, "percent_covered": 0.0, "percent_covered_display": "0", "missing_lines": 9, "excluded_lines": 0, "percent_statements_covered": 0.0, "percent_statements_covered_display": "0"}, "missing_lines": [130, 132, 133, 135, 136, 137, 138, 139, 141], "excluded_lines": [], "start_line": 128}, "PTMDatasetBase.get_statistics": {"executed_lines": [], "summary": {"covered_lines": 0, "num_statements": 17, "percent_covered": 0.0, "percent_covered_display": "0", "missing_lines": 17, "excluded_lines": 0, "percent_statements_covered": 0.0, "percent_statements_covered_display": "0"}, "missing_lines": [150, 157, 158, 159, 167, 168, 169, 170, 173, 174, 175, 176, 177, 179, 180, 186, 188], "excluded_lines": [], "start_line": 143}, "PTMDatasetBase.print_statistics": {"executed_lines": [], "summary": {"covered_lines": 0, "num_statements": 32, "percent_covered": 0.0, "percent_covered_display": "0", "missing_lines": 32, "excluded_lines": 0, "percent_statements_covered": 0.0, "percent_statements_covered_display": "0"}, "missing_lines": [192, 194, 195, 196, 197, 198, 199, 201, 202, 203, 204, 205, 206, 207, 209, 210, 211, 212, 213, 214, 215, 217, 218, 219, 220, 221, 222, 224, 225, 226, 227, 229], "excluded_lines": [], "start_line": 190}, "compute_class_weights": {"executed_lines": [243, 244, 246, 248, 258, 260], "summary": {"covered_lines": 6, "num_statements": 11, "percent_covered": 54.54545454545455, "percent_covered_display": "55", "missing_lines": 5, "excluded_lines": 0, "percent_statements_covered": 54.54545454545455, "percent_statements_covered_display": "55"}, "missing_lines": [249, 251, 252, 253, 255], "excluded_lines": [], "start_line": 232}, "": {"executed_lines": [5, 6, 8, 9, 10, 12, 14, 17, 23, 43, 54, 69, 86, 119, 122, 128, 143, 190, 232], "summary": {"covered_lines": 19, "num_statements": 19, "percent_covered": 100.0, "percent_covered_display": "100", "missing_lines": 0, "excluded_lines": 0, "percent_statements_covered": 100.0, "percent_statements_covered_display": "100"}, "missing_lines": [], "excluded_lines": [], "start_line": 1}}, "classes": {"PTMDatasetBase": {"executed_lines": [28, 29, 32, 33, 36, 37, 38, 40, 41, 45, 52, 59, 60, 62, 63, 71, 72, 74, 75, 80, 81, 82, 84, 97, 101, 104, 105, 106, 109, 110, 113, 114, 115, 117, 120], "summary": {"covered_lines": 35, "num_statements": 103, "percent_covered": 33.980582524271846, "percent_covered_display": "34", "missing_lines": 68, "excluded_lines": 0, "percent_statements_covered": 33.980582524271846, "percent_statements_covered_display": "34"}, "missing_lines": [67, 73, 76, 77, 79, 98, 102, 124, 125, 126, 130, 132, 133, 135, 136, 137, 138, 139, 141, 150, 157, 158, 159, 167, 168, 169, 170, 173, 174, 175, 176, 177, 179, 180, 186, 188, 192, 194, 195, 196, 197, 198, 199, 201, 202, 203, 204, 205, 206, 207, 209, 210, 211, 212, 213, 214, 215, 217, 218, 219, 220, 221, 222, 224, 225, 226, 227, 229], "excluded_lines": [], "start_line": 17}, "": {"executed_lines": [5, 6, 8, 9, 10, 12, 14, 17, 23, 43, 54, 69, 86, 119, 122, 128, 143, 190, 232, 243, 244, 246, 248, 258, 260], "summary": {"covered_lines": 25, "num_statements": 30, "percent_covered": 83.33333333333333, "percent_covered_display": "83", "missing_lines": 5, "excluded_lines": 0, "percent_statements_covered": 83.33333333333333, "percent_statements_covered_display": "83"}, "missing_lines": [249, 251, 252, 253, 255], "excluded_lines": [], "start_line": 1}}}, "src/data/datasets.py": {"executed_lines": [7, 9, 10, 11, 13, 14, 15, 17, 20, 26, 46, 47, 48, 49, 50, 52, 53, 55, 57, 59, 60, 62, 63, 64, 65, 67, 69, 71, 72, 73, 74, 76, 77, 78, 79, 80, 82, 83, 85, 86, 88, 90, 92, 93, 95, 96, 97, 98, 100, 101, 102, 103, 104, 106, 107, 109, 112, 118, 138, 139, 140, 141, 142, 143, 145, 146, 147, 148, 149, 150, 152, 154, 156, 162, 163, 164, 166, 167, 173, 174, 175, 177, 178, 184, 185, 186, 188, 195, 197, 201, 202, 204, 214, 216, 217, 219, 221, 230, 232, 235, 237, 246, 248, 250, 252, 255, 261, 277, 278, 279, 281, 283, 290, 292, 305, 306, 307, 309, 310, 311, 312, 313, 315, 316, 317, 319, 320, 321, 323, 325, 332, 333, 335, 336, 338, 339, 341, 348, 349, 351], "summary": {"covered_lines": 140, "num_statements": 142, "percent_covered": 98.59154929577464, "percent_covered_display": "99", "missing_lines": 2, "excluded_lines": 0, "percent_statements_covered": 98.59154929577464, "percent_statements_covered_display": "99"}, "missing_lines": [198, 233], "excluded_lines": [], "functions": {"PTMDataset.__init__": {"executed_lines": [46, 47, 48, 49, 50, 52, 53, 55], "summary": {"covered_lines": 8, "num_statements": 8, "percent_covered": 100.0, "percent_covered_display": "100", "missing_lines": 0, "excluded_lines": 0, "percent_statements_covered": 100.0, "percent_statements_covered_display": "100"}, "missing_lines": [], "excluded_lines": [], "start_line": 26}, "PTMDataset._encode_sequence": {"executed_lines": [59, 60, 62, 63, 64, 65, 67], "summary": {"covered_lines": 7, "num_statements": 7, "percent_covered": 100.0, "percent_covered_display": "100", "missing_lines": 0, "excluded_lines": 0, "percent_statements_covered": 100.0, "percent_statements_covered_display": "100"}, "missing_lines": [], "excluded_lines": [], "start_line": 57}, "PTMDataset._encode_ptm": {"executed_lines": [71, 72, 73, 74, 76, 77, 78, 79, 80, 82, 83, 85, 86, 88], "summary": {"covered_lines": 14, "num_statements": 14, "percent_covered": 100.0, "percent_covered_display": "100", "missing_lines": 0, "excluded_lines": 0, "percent_statements_covered": 100.0, "percent_statements_covered_display": "100"}, "missing_lines": [], "excluded_lines": [], "start_line": 69}, "PTMDataset.__getitem__": {"executed_lines": [92, 93, 95, 96, 97, 98, 100, 101, 102, 103, 104, 106, 107, 109], "summary": {"covered_lines": 14, "num_statements": 14, "percent_covered": 100.0, "percent_covered_display": "100", "missing_lines": 0, "excluded_lines": 0, "percent_statements_covered": 100.0, "percent_statements_covered_display": "100"}, "missing_lines": [], "excluded_lines": [], "start_line": 90}, "PTMDataModule.__init__": {"executed_lines": [138, 139, 140, 141, 142, 143, 145, 146, 147, 148, 149, 150, 152], "summary": {"covered_lines": 13, "num_statements": 13, "percent_covered": 100.0, "percent_covered_display": "100", "missing_lines": 0, "excluded_lines": 0, "percent_statements_covered": 100.0, "percent_statements_covered_display": "100"}, "missing_lines": [], "excluded_lines": [], "start_line": 118}, "PTMDataModule._setup_datasets": {"executed_lines": [156, 162, 163, 164, 166, 167, 173, 174, 175, 177, 178, 184, 185, 186, 188], "summary": {"covered_lines": 15, "num_statements": 15, "percent_covered": 100.0, "percent_covered_display": "100", "missing_lines": 0, "excluded_lines": 0, "percent_statements_covered": 100.0, "percent_statements_covered_display": "100"}, "missing_lines": [], "excluded_lines": [], "start_line": 154}, "PTMDataModule.train_dataloader": {"executed_lines": [197, 201, 202, 204], "summary": {"covered_lines": 4, "num_statements": 5, "percent_covered": 80.0, "percent_covered_display": "80", "missing_lines": 1, "excluded_lines": 0, "percent_statements_covered": 80.0, "percent_statements_covered_display": "80"}, "missing_lines": [198], "excluded_lines": [], "start_line": 195}, "PTMDataModule.val_dataloader": {"executed_lines": [216, 217, 219, 221], "summary": {"covered_lines": 4, "num_statements": 4, "percent_covered": 100.0, "percent_covered_display": "100", "missing_lines": 0, "excluded_lines": 0, "percent_statements_covered": 100.0, "percent_statements_covered_display": "100"}, "missing_lines": [], "excluded_lines": [], "start_line": 214}, "PTMDataModule.test_dataloader": {"executed_lines": [232, 235, 237], "summary": {"covered_lines": 3, "num_statements": 4, "percent_covered": 75.0, "percent_covered_display": "75", "missing_lines": 1, "excluded_lines": 0, "percent_statements_covered": 75.0, "percent_statements_covered_display": "75"}, "missing_lines": [233], "excluded_lines": [], "start_line": 230}, "PTMDataModule.get_labels": {"executed_lines": [248], "summary": {"covered_lines": 1, "num_statements": 1, "percent_covered": 100.0, "percent_covered_display": "100", "missing_lines": 0, "excluded_lines": 0, "percent_statements_covered": 100.0, "percent_statements_covered_display": "100"}, "missing_lines": [], "excluded_lines": [], "start_line": 246}, "PTMDataModule.get_num_classes": {"executed_lines": [252], "summary": {"covered_lines": 1, "num_statements": 1, "percent_covered": 100.0, "percent_covered_display": "100", "missing_lines": 0, "excluded_lines": 0, "percent_statements_covered": 100.0, "percent_statements_covered_display": "100"}, "missing_lines": [], "excluded_lines": [], "start_line": 250}, "ESMTokenizedDataset.__init__": {"executed_lines": [277, 278, 279], "summary": {"covered_lines": 3, "num_statements": 3, "percent_covered": 100.0, "percent_covered_display": "100", "missing_lines": 0, "excluded_lines": 0, "percent_statements_covered": 100.0, "percent_statements_covered_display": "100"}, "missing_lines": [], "excluded_lines": [], "start_line": 261}, "ESMTokenizedDataset._tokenize_sequence": {"executed_lines": [283, 290], "summary": {"covered_lines": 2, "num_statements": 2, "percent_covered": 100.0, "percent_covered_display": "100", "missing_lines": 0, "excluded_lines": 0, "percent_statements_covered": 100.0, "percent_statements_covered_display": "100"}, "missing_lines": [], "excluded_lines": [], "start_line": 281}, "ESMTokenizedDataset._encode_ptm_esm": {"executed_lines": [305, 306, 307, 309, 310, 311, 312, 313, 315, 316, 317, 319, 320, 321, 323], "summary": {"covered_lines": 15, "num_statements": 15, "percent_covered": 100.0, "percent_covered_display": "100", "missing_lines": 0, "excluded_lines": 0, "percent_statements_covered": 100.0, "percent_statements_covered_display": "100"}, "missing_lines": [], "excluded_lines": [], "start_line": 292}, "ESMTokenizedDataset.__getitem__": {"executed_lines": [332, 333, 335, 336, 338, 339, 341, 348, 349, 351], "summary": {"covered_lines": 10, "num_statements": 10, "percent_covered": 100.0, "percent_covered_display": "100", "missing_lines": 0, "excluded_lines": 0, "percent_statements_covered": 100.0, "percent_statements_covered_display": "100"}, "missing_lines": [], "excluded_lines": [], "start_line": 325}, "": {"executed_lines": [7, 9, 10, 11, 13, 14, 15, 17, 20, 26, 57, 69, 90, 112, 118, 154, 195, 214, 230, 246, 250, 255, 261, 281, 292, 325], "summary": {"covered_lines": 26, "num_statements": 26, "percent_covered": 100.0, "percent_covered_display": "100", "missing_lines": 0, "excluded_lines": 0, "percent_statements_covered": 100.0, "percent_statements_covered_display": "100"}, "missing_lines": [], "excluded_lines": [], "start_line": 1}}, "classes": {"PTMDataset": {"executed_lines": [46, 47, 48, 49, 50, 52, 53, 55, 59, 60, 62, 63, 64, 65, 67, 71, 72, 73, 74, 76, 77, 78, 79, 80, 82, 83, 85, 86, 88, 92, 93, 95, 96, 97, 98, 100, 101, 102, 103, 104, 106, 107, 109], "summary": {"covered_lines": 43, "num_statements": 43, "percent_covered": 100.0, "percent_covered_display": "100", "missing_lines": 0, "excluded_lines": 0, "percent_statements_covered": 100.0, "percent_statements_covered_display": "100"}, "missing_lines": [], "excluded_lines": [], "start_line": 20}, "PTMDataModule": {"executed_lines": [138, 139, 140, 141, 142, 143, 145, 146, 147, 148, 149, 150, 152, 156, 162, 163, 164, 166, 167, 173, 174, 175, 177, 178, 184, 185, 186, 188, 197, 201, 202, 204, 216, 217, 219, 221, 232, 235, 237, 248, 252], "summary": {"covered_lines": 41, "num_statements": 43, "percent_covered": 95.34883720930233, "percent_covered_display": "95", "missing_lines": 2, "excluded_lines": 0, "percent_statements_covered": 95.34883720930233, "percent_statements_covered_display": "95"}, "missing_lines": [198, 233], "excluded_lines": [], "start_line": 112}, "ESMTokenizedDataset": {"executed_lines": [277, 278, 279, 283, 290, 305, 306, 307, 309, 310, 311, 312, 313, 315, 316, 317, 319, 320, 321, 323, 332, 333, 335, 336, 338, 339, 341, 348, 349, 351], "summary": {"covered_lines": 30, "num_statements": 30, "percent_covered": 100.0, "percent_covered_display": "100", "missing_lines": 0, "excluded_lines": 0, "percent_statements_covered": 100.0, "percent_statements_covered_display": "100"}, "missing_lines": [], "excluded_lines": [], "start_line": 255}, "": {"executed_lines": [7, 9, 10, 11, 13, 14, 15, 17, 20, 26, 57, 69, 90, 112, 118, 154, 195, 214, 230, 246, 250, 255, 261, 281, 292, 325], "summary": {"covered_lines": 26, "num_statements": 26, "percent_covered": 100.0, "percent_covered_display": "100", "missing_lines": 0, "excluded_lines": 0, "percent_statements_covered": 100.0, "percent_statements_covered_display": "100"}, "missing_lines": [], "excluded_lines": [], "start_line": 1}}}, "src/data/features.py": {"executed_lines": [7, 8, 10, 12, 14, 16, 17, 25, 27, 28, 29, 32, 38, 45, 46, 47, 48, 49, 50, 51, 52, 54, 55, 56, 58, 69, 71, 73, 74, 75, 76, 78, 80, 91, 92, 94, 95, 97, 98, 99, 100, 101, 102, 103, 104, 107, 108, 109, 110, 112, 113, 115, 117, 127, 134, 138, 139, 140, 141, 145, 146, 147, 151, 152, 153, 155, 157, 168, 169, 170, 171, 173, 174, 175, 177, 178, 179, 181, 182, 183, 184, 186, 188, 193, 203, 204, 206, 207, 208, 210, 211, 212, 214, 215, 216, 218, 219, 220, 222, 223, 224, 226, 230, 232, 243, 244, 245, 246, 248, 252, 254, 278, 288, 289, 290, 291, 292, 293, 294, 296], "summary": {"covered_lines": 120, "num_statements": 134, "percent_covered": 89.55223880597015, "percent_covered_display": "90", "missing_lines": 14, "excluded_lines": 0, "percent_statements_covered": 89.55223880597015, "percent_statements_covered_display": "90"}, "missing_lines": [105, 106, 143, 149, 227, 228, 249, 250, 269, 270, 272, 273, 274, 276], "excluded_lines": [], "functions": {"FeatureExtractor.__init__": {"executed_lines": [45, 46, 47, 48, 49, 50, 51, 52, 54, 55, 56], "summary": {"covered_lines": 11, "num_statements": 11, "percent_covered": 100.0, "percent_covered_display": "100", "missing_lines": 0, "excluded_lines": 0, "percent_statements_covered": 100.0, "percent_statements_covered_display": "100"}, "missing_lines": [], "excluded_lines": [], "start_line": 38}, "FeatureExtractor.extract_onehot_sequence": {"executed_lines": [69, 71, 73, 74, 75, 76, 78], "summary": {"covered_lines": 7, "num_statements": 7, "percent_covered": 100.0, "percent_covered_display": "100", "missing_lines": 0, "excluded_lines": 0, "percent_statements_covered": 100.0, "percent_statements_covered_display": "100"}, "missing_lines": [], "excluded_lines": [], "start_line": 58}, "FeatureExtractor.extract_kmer_features": {"executed_lines": [91, 92, 94, 95, 97, 98, 99, 100, 101, 102, 103, 104, 107, 108, 109, 110, 112, 113, 115], "summary": {"covered_lines": 19, "num_statements": 21, "percent_covered": 90.47619047619048, "percent_covered_display": "90", "missing_lines": 2, "excluded_lines": 0, "percent_statements_covered": 90.47619047619048, "percent_statements_covered_display": "90"}, "missing_lines": [105, 106], "excluded_lines": [], "start_line": 80}, "FeatureExtractor.extract_physicochemical_features": {"executed_lines": [127, 134, 138, 139, 140, 141, 145, 146, 147, 151, 152, 153, 155], "summary": {"covered_lines": 13, "num_statements": 15, "percent_covered": 86.66666666666667, "percent_covered_display": "87", "missing_lines": 2, "excluded_lines": 0, "percent_statements_covered": 86.66666666666667, "percent_statements_covered_display": "87"}, "missing_lines": [143, 149], "excluded_lines": [], "start_line": 117}, "FeatureExtractor.extract_ptm_features": {"executed_lines": [168, 169, 170, 171, 173, 174, 175, 177, 178, 179, 181, 182, 183, 184, 186, 188], "summary": {"covered_lines": 16, "num_statements": 16, "percent_covered": 100.0, "percent_covered_display": "100", "missing_lines": 0, "excluded_lines": 0, "percent_statements_covered": 100.0, "percent_statements_covered_display": "100"}, "missing_lines": [], "excluded_lines": [], "start_line": 157}, "FeatureExtractor.extract_sequence_features": {"executed_lines": [203, 204, 206, 207, 208, 210, 211, 212, 214, 215, 216, 218, 219, 220, 222, 223, 224, 226, 230], "summary": {"covered_lines": 19, "num_statements": 21, "percent_covered": 90.47619047619048, "percent_covered_display": "90", "missing_lines": 2, "excluded_lines": 0, "percent_statements_covered": 90.47619047619048, "percent_statements_covered_display": "90"}, "missing_lines": [227, 228], "excluded_lines": [], "start_line": 193}, "FeatureExtractor.extract_features_for_sample": {"executed_lines": [243, 244, 245, 246, 248, 252], "summary": {"covered_lines": 6, "num_statements": 8, "percent_covered": 75.0, "percent_covered_display": "75", "missing_lines": 2, "excluded_lines": 0, "percent_statements_covered": 75.0, "percent_statements_covered_display": "75"}, "missing_lines": [249, 250], "excluded_lines": [], "start_line": 232}, "FeatureExtractor.extract_features": {"executed_lines": [], "summary": {"covered_lines": 0, "num_statements": 6, "percent_covered": 0.0, "percent_covered_display": "0", "missing_lines": 6, "excluded_lines": 0, "percent_statements_covered": 0.0, "percent_statements_covered_display": "0"}, "missing_lines": [269, 270, 272, 273, 274, 276], "excluded_lines": [], "start_line": 254}, "FeatureExtractor.combine_features": {"executed_lines": [288, 289, 290, 291, 292, 293, 294, 296], "summary": {"covered_lines": 8, "num_statements": 8, "percent_covered": 100.0, "percent_covered_display": "100", "missing_lines": 0, "excluded_lines": 0, "percent_statements_covered": 100.0, "percent_statements_covered_display": "100"}, "missing_lines": [], "excluded_lines": [], "start_line": 278}, "": {"executed_lines": [7, 8, 10, 12, 14, 16, 17, 25, 27, 28, 29, 32, 38, 58, 80, 117, 157, 193, 232, 254, 278], "summary": {"covered_lines": 21, "num_statements": 21, "percent_covered": 100.0, "percent_covered_display": "100", "missing_lines": 0, "excluded_lines": 0, "percent_statements_covered": 100.0, "percent_statements_covered_display": "100"}, "missing_lines": [], "excluded_lines": [], "start_line": 1}}, "classes": {"FeatureExtractor": {"executed_lines": [45, 46, 47, 48, 49, 50, 51, 52, 54, 55, 56, 69, 71, 73, 74, 75, 76, 78, 91, 92, 94, 95, 97, 98, 99, 100, 101, 102, 103, 104, 107, 108, 109, 110, 112, 113, 115, 127, 134, 138, 139, 140, 141, 145, 146, 147, 151, 152, 153, 155, 168, 169, 170, 171, 173, 174, 175, 177, 178, 179, 181, 182, 183, 184, 186, 188, 203, 204, 206, 207, 208, 210, 211, 212, 214, 215, 216, 218, 219, 220, 222, 223, 224, 226, 230, 243, 244, 245, 246, 248, 252, 288, 289, 290, 291, 292, 293, 294, 296], "summary": {"covered_lines": 99, "num_statements": 113, "percent_covered": 87.61061946902655, "percent_covered_display": "88", "missing_lines": 14, "excluded_lines": 0, "percent_statements_covered": 87.61061946902655, "percent_statements_covered_display": "88"}, "missing_lines": [105, 106, 143, 149, 227, 228, 249, 250, 269, 270, 272, 273, 274, 276], "excluded_lines": [], "start_line": 32}, "": {"executed_lines": [7, 8, 10, 12, 14, 16, 17, 25, 27, 28, 29, 32, 38, 58, 80, 117, 157, 193, 232, 254, 278], "summary": {"covered_lines": 21, "num_statements": 21, "percent_covered": 100.0, "percent_covered_display": "100", "missing_lines": 0, "excluded_lines": 0, "percent_statements_covered": 100.0, "percent_statements_covered_display": "100"}, "missing_lines": [], "excluded_lines": [], "start_line": 1}}}, "src/data/homology_splitter.py": {"executed_lines": [7, 8, 9, 10, 11, 12, 14, 17, 20, 21, 33, 37, 38, 40, 44, 45, 47, 49, 50, 61, 65, 66, 67, 69, 70, 71, 72, 73, 74, 75, 77, 80, 82, 83, 96, 98, 101, 105, 107, 110, 116, 132, 133, 134, 135, 136, 138, 148, 149, 151, 153, 154, 155, 156, 157, 169, 170, 172, 174, 184, 185, 188, 191, 192, 195, 199, 200, 203, 204, 206, 207, 210, 211, 216, 219, 221, 222, 223, 229, 233, 239, 241, 252, 253, 254, 256, 257, 259, 260, 261, 262, 265, 266, 267, 268, 270, 271, 272, 274, 276, 295, 296, 298, 304, 305, 306, 308, 309, 310, 313, 314, 315, 318, 319, 320, 322, 323, 325, 326, 329, 330, 331, 332, 333, 334, 336, 339, 340, 341, 343, 344, 345, 347, 348, 349, 352, 353, 354, 356, 363, 365, 384, 387, 390, 393, 395, 414, 423, 424, 425, 428, 429, 430, 431, 432, 433, 434, 435, 438, 439, 440, 441, 442, 443, 448, 449, 450, 451, 452, 453, 457, 463, 464, 465, 470, 475], "summary": {"covered_lines": 176, "num_statements": 195, "percent_covered": 90.25641025641026, "percent_covered_display": "90", "missing_lines": 19, "excluded_lines": 0, "percent_statements_covered": 90.25641025641026, "percent_statements_covered_display": "90"}, "missing_lines": [34, 41, 62, 160, 161, 165, 208, 225, 226, 227, 231, 299, 300, 301, 385, 444, 445, 454, 455], "excluded_lines": [], "functions": {"SequenceSimilarityCalculator.kmer_similarity": {"executed_lines": [33, 37, 38, 40, 44, 45, 47], "summary": {"covered_lines": 7, "num_statements": 9, "percent_covered": 77.77777777777777, "percent_covered_display": "78", "missing_lines": 2, "excluded_lines": 0, "percent_statements_covered": 77.77777777777777, "percent_statements_covered_display": "78"}, "missing_lines": [34, 41], "excluded_lines": [], "start_line": 21}, "SequenceSimilarityCalculator.local_alignment_score": {"executed_lines": [61, 65, 66, 67, 69, 70, 71, 72, 73, 74, 75, 77, 80], "summary": {"covered_lines": 13, "num_statements": 14, "percent_covered": 92.85714285714286, "percent_covered_display": "93", "missing_lines": 1, "excluded_lines": 0, "percent_statements_covered": 92.85714285714286, "percent_statements_covered_display": "93"}, "missing_lines": [62], "excluded_lines": [], "start_line": 50}, "SequenceSimilarityCalculator.identity_estimate": {"executed_lines": [96, 98, 101, 105, 107], "summary": {"covered_lines": 5, "num_statements": 5, "percent_covered": 100.0, "percent_covered_display": "100", "missing_lines": 0, "excluded_lines": 0, "percent_statements_covered": 100.0, "percent_statements_covered_display": "100"}, "missing_lines": [], "excluded_lines": [], "start_line": 83}, "HomologyAwareSplitter.__init__": {"executed_lines": [132, 133, 134, 135, 136], "summary": {"covered_lines": 5, "num_statements": 5, "percent_covered": 100.0, "percent_covered_display": "100", "missing_lines": 0, "excluded_lines": 0, "percent_statements_covered": 100.0, "percent_statements_covered_display": "100"}, "missing_lines": [], "excluded_lines": [], "start_line": 116}, "HomologyAwareSplitter.compute_similarity_matrix": {"executed_lines": [148, 149, 151, 153, 154, 155, 156, 157, 169, 170, 172], "summary": {"covered_lines": 11, "num_statements": 14, "percent_covered": 78.57142857142857, "percent_covered_display": "79", "missing_lines": 3, "excluded_lines": 0, "percent_statements_covered": 78.57142857142857, "percent_statements_covered_display": "79"}, "missing_lines": [160, 161, 165], "excluded_lines": [], "start_line": 138}, "HomologyAwareSplitter.cluster_sequences": {"executed_lines": [184, 185, 188, 191, 192, 195, 199, 200, 203, 204, 206, 207, 210, 211, 216, 219, 221, 222, 223, 229, 233, 239], "summary": {"covered_lines": 22, "num_statements": 27, "percent_covered": 81.48148148148148, "percent_covered_display": "81", "missing_lines": 5, "excluded_lines": 0, "percent_statements_covered": 81.48148148148148, "percent_statements_covered_display": "81"}, "missing_lines": [208, 225, 226, 227, 231], "excluded_lines": [], "start_line": 174}, "HomologyAwareSplitter._evaluate_clustering": {"executed_lines": [252, 253, 254, 256, 257, 259, 260, 261, 262, 265, 266, 267, 268, 270, 271, 272, 274], "summary": {"covered_lines": 17, "num_statements": 17, "percent_covered": 100.0, "percent_covered_display": "100", "missing_lines": 0, "excluded_lines": 0, "percent_statements_covered": 100.0, "percent_statements_covered_display": "100"}, "missing_lines": [], "excluded_lines": [], "start_line": 241}, "HomologyAwareSplitter.split_by_clusters": {"executed_lines": [295, 296, 298, 304, 305, 306, 308, 309, 310, 313, 314, 315, 318, 319, 320, 322, 323, 325, 326, 329, 330, 331, 332, 333, 334, 336, 339, 340, 341, 343, 344, 345, 347, 348, 349, 352, 353, 354, 356, 363], "summary": {"covered_lines": 40, "num_statements": 43, "percent_covered": 93.02325581395348, "percent_covered_display": "93", "missing_lines": 3, "excluded_lines": 0, "percent_statements_covered": 93.02325581395348, "percent_statements_covered_display": "93"}, "missing_lines": [299, 300, 301], "excluded_lines": [], "start_line": 276}, "HomologyAwareSplitter.split": {"executed_lines": [384, 387, 390, 393], "summary": {"covered_lines": 4, "num_statements": 5, "percent_covered": 80.0, "percent_covered_display": "80", "missing_lines": 1, "excluded_lines": 0, "percent_statements_covered": 80.0, "percent_statements_covered_display": "80"}, "missing_lines": [385], "excluded_lines": [], "start_line": 365}, "HomologyAwareSplitter.verify_no_leakage": {"executed_lines": [414, 423, 424, 425, 428, 429, 430, 431, 432, 433, 434, 435, 438, 439, 440, 441, 442, 443, 448, 449, 450, 451, 452, 453, 457, 463, 464, 465, 470, 475], "summary": {"covered_lines": 30, "num_statements": 34, "percent_covered": 88.23529411764706, "percent_covered_display": "88", "missing_lines": 4, "excluded_lines": 0, "percent_statements_covered": 88.23529411764706, "percent_statements_covered_display": "88"}, "missing_lines": [444, 445, 454, 455], "excluded_lines": [], "start_line": 395}, "": {"executed_lines": [7, 8, 9, 10, 11, 12, 14, 17, 20, 21, 49, 50, 82, 83, 110, 116, 138, 174, 241, 276, 365, 395], "summary": {"covered_lines": 22, "num_statements": 22, "percent_covered": 100.0, "percent_covered_display": "100", "missing_lines": 0, "excluded_lines": 0, "percent_statements_covered": 100.0, "percent_statements_covered_display": "100"}, "missing_lines": [], "excluded_lines": [], "start_line": 1}}, "classes": {"SequenceSimilarityCalculator": {"executed_lines": [33, 37, 38, 40, 44, 45, 47, 61, 65, 66, 67, 69, 70, 71, 72, 73, 74, 75, 77, 80, 96, 98, 101, 105, 107], "summary": {"covered_lines": 25, "num_statements": 28, "percent_covered": 89.28571428571429, "percent_covered_display": "89", "missing_lines": 3, "excluded_lines": 0, "percent_statements_covered": 89.28571428571429, "percent_statements_covered_display": "89"}, "missing_lines": [34, 41, 62], "excluded_lines": [], "start_line": 17}, "HomologyAwareSplitter": {"executed_lines": [132, 133, 134, 135, 136, 148, 149, 151, 153, 154, 155, 156, 157, 169, 170, 172, 184, 185, 188, 191, 192, 195, 199, 200, 203, 204, 206, 207, 210, 211, 216, 219, 221, 222, 223, 229, 233, 239, 252, 253, 254, 256, 257, 259, 260, 261, 262, 265, 266, 267, 268, 270, 271, 272, 274, 295, 296, 298, 304, 305, 306, 308, 309, 310, 313, 314, 315, 318, 319, 320, 322, 323, 325, 326, 329, 330, 331, 332, 333, 334, 336, 339, 340, 341, 343, 344, 345, 347, 348, 349, 352, 353, 354, 356, 363, 384, 387, 390, 393, 414, 423, 424, 425, 428, 429, 430, 431, 432, 433, 434, 435, 438, 439, 440, 441, 442, 443, 448, 449, 450, 451, 452, 453, 457, 463, 464, 465, 470, 475], "summary": {"covered_lines": 129, "num_statements": 145, "percent_covered": 88.96551724137932, "percent_covered_display": "89", "missing_lines": 16, "excluded_lines": 0, "percent_statements_covered": 88.96551724137932, "percent_statements_covered_display": "89"}, "missing_lines": [160, 161, 165, 208, 225, 226, 227, 231, 299, 300, 301, 385, 444, 445, 454, 455], "excluded_lines": [], "start_line": 110}, "": {"executed_lines": [7, 8, 9, 10, 11, 12, 14, 17, 20, 21, 49, 50, 82, 83, 110, 116, 138, 174, 241, 276, 365, 395], "summary": {"covered_lines": 22, "num_statements": 22, "percent_covered": 100.0, "percent_covered_display": "100", "missing_lines": 0, "excluded_lines": 0, "percent_statements_covered": 100.0, "percent_statements_covered_display": "100"}, "missing_lines": [], "excluded_lines": [], "start_line": 1}}}, "src/data/lightning_datamodule.py": {"executed_lines": [7, 9, 10, 11, 13, 14, 15, 17, 20, 26, 45, 46, 47, 48, 49, 50, 51, 54, 55, 57, 58, 59, 62, 63, 64, 66, 73, 74, 76, 77, 78, 83, 89, 90, 91, 92, 93, 94, 95, 97, 112, 113, 114, 119, 125, 126, 127, 128, 129, 130, 131, 133, 134, 135, 141, 142, 143, 144, 145, 146, 148, 155, 158, 167, 174, 177, 185, 192, 195], "summary": {"covered_lines": 69, "num_statements": 80, "percent_covered": 86.25, "percent_covered_display": "86", "missing_lines": 11, "excluded_lines": 0, "percent_statements_covered": 86.25, "percent_statements_covered_display": "86"}, "missing_lines": [98, 99, 105, 106, 107, 108, 109, 110, 156, 175, 193], "excluded_lines": [], "functions": {"PTMDataModule.__init__": {"executed_lines": [45, 46, 47, 48
[...]
7, 159, 160, 184, 195, 196, 199, 201, 205, 240, 257, 259, 260, 261, 262, 264, 270, 271, 272, 273, 280, 281, 283, 284, 285, 286, 288, 289, 290, 292, 293, 294, 296, 298, 299, 301, 334, 341], "excluded_lines": [], "start_line": 27}, "": {"executed_lines": [7, 9, 10, 11, 12, 15, 16, 20, 21, 22, 24, 27, 33, 68, 98, 107, 162, 223, 303, 318], "summary": {"covered_lines": 20, "num_statements": 22, "percent_covered": 90.9090909090909, "percent_covered_display": "91", "missing_lines": 2, "excluded_lines": 0, "percent_statements_covered": 90.9090909090909, "percent_statements_covered_display": "91"}, "missing_lines": [17, 18], "excluded_lines": [], "start_line": 1}}}, "src/utils/__init__.py": {"executed_lines": [3, 4, 5, 6, 8], "summary": {"covered_lines": 5, "num_statements": 5, "percent_covered": 100.0, "percent_covered_display": "100", "missing_lines": 0, "excluded_lines": 0, "percent_statements_covered": 100.0, "percent_statements_covered_display": "100"}, "missing_lines": [], "excluded_lines": [], "functions": {"": {"executed_lines": [3, 4, 5, 6, 8], "summary": {"covered_lines": 5, "num_statements": 5, "percent_covered": 100.0, "percent_covered_display": "100", "missing_lines": 0, "excluded_lines": 0, "percent_statements_covered": 100.0, "percent_statements_covered_display": "100"}, "missing_lines": [], "excluded_lines": [], "start_line": 1}}, "classes": {"": {"executed_lines": [3, 4, 5, 6, 8], "summary": {"covered_lines": 5, "num_statements": 5, "percent_covered": 100.0, "percent_covered_display": "100", "missing_lines": 0, "excluded_lines": 0, "percent_statements_covered": 100.0, "percent_statements_covered_display": "100"}, "missing_lines": [], "excluded_lines": [], "start_line": 1}}}, "src/utils/config.py": {"executed_lines": [7, 8, 9, 12, 18, 25, 27, 28, 42, 43, 44, 45, 49, 50, 51, 52, 54, 57, 58, 60, 62, 79, 80, 82, 83, 84, 85, 86, 87, 89, 97, 98, 100, 101, 103, 105, 107, 117, 130, 132, 134, 136, 138, 140, 141, 142, 143, 144, 145, 146], "summary": {"covered_lines": 50, "num_statements": 59, "percent_covered": 84.7457627118644, "percent_covered_display": "85", "missing_lines": 9, "excluded_lines": 0, "percent_statements_covered": 84.7457627118644, "percent_statements_covered_display": "85"}, "missing_lines": [55, 102, 114, 115, 124, 125, 126, 127, 128], "excluded_lines": [], "functions": {"Config.__init__": {"executed_lines": [25], "summary": {"covered_lines": 1, "num_statements": 1, "percent_covered": 100.0, "percent_covered_display": "100", "missing_lines": 0, "excluded_lines": 0, "percent_statements_covered": 100.0, "percent_statements_covered_display": "100"}, "missing_lines": [], "excluded_lines": [], "start_line": 18}, "Config.from_yaml": {"executed_lines": [42, 43, 44, 45, 49, 50, 51, 52, 54, 57, 58, 60], "summary": {"covered_lines": 12, "num_statements": 13, "percent_covered": 92.3076923076923, "percent_covered_display": "92", "missing_lines": 1, "excluded_lines": 0, "percent_statements_covered": 92.3076923076923, "percent_statements_covered_display": "92"}, "missing_lines": [55], "excluded_lines": [], "start_line": 28}, "Config.get": {"executed_lines": [79, 80, 82, 83, 84, 85, 86, 87], "summary": {"covered_lines": 8, "num_statements": 8, "percent_covered": 100.0, "percent_covered_display": "100", "missing_lines": 0, "excluded_lines": 0, "percent_statements_covered": 100.0, "percent_statements_covered_display": "100"}, "missing_lines": [], "excluded_lines": [], "start_line": 62}, "Config.set": {"executed_lines": [97, 98, 100, 101, 103, 105], "summary": {"covered_lines": 6, "num_statements": 7, "percent_covered": 85.71428571428571, "percent_covered_display": "86", "missing_lines": 1, "excluded_lines": 0, "percent_statements_covered": 85.71428571428571, "percent_statements_covered_display": "86"}, "missing_lines": [102], "excluded_lines": [], "start_line": 89}, "Config.to_dict": {"executed_lines": [], "summary": {"covered_lines": 0, "num_statements": 2, "percent_covered": 0.0, "percent_covered_display": "0", "missing_lines": 2, "excluded_lines": 0, "percent_statements_covered": 0.0, "percent_statements_covered_display": "0"}, "missing_lines": [114, 115], "excluded_lines": [], "start_line": 107}, "Config.save": {"executed_lines": [], "summary": {"covered_lines": 0, "num_statements": 5, "percent_covered": 0.0, "percent_covered_display": "0", "missing_lines": 5, "excluded_lines": 0, "percent_statements_covered": 0.0, "percent_statements_covered_display": "0"}, "missing_lines": [124, 125, 126, 127, 128], "excluded_lines": [], "start_line": 117}, "Config.__getitem__": {"executed_lines": [132], "summary": {"covered_lines": 1, "num_statements": 1, "percent_covered": 100.0, "percent_covered_display": "100", "missing_lines": 0, "excluded_lines": 0, "percent_statements_covered": 100.0, "percent_statements_covered_display": "100"}, "missing_lines": [], "excluded_lines": [], "start_line": 130}, "Config.__setitem__": {"executed_lines": [136], "summary": {"covered_lines": 1, "num_statements": 1, "percent_covered": 100.0, "percent_covered_display": "100", "missing_lines": 0, "excluded_lines": 0, "percent_statements_covered": 100.0, "percent_statements_covered_display": "100"}, "missing_lines": [], "excluded_lines": [], "start_line": 134}, "Config.__contains__": {"executed_lines": [140, 141, 142, 143, 144, 145, 146], "summary": {"covered_lines": 7, "num_statements": 7, "percent_covered": 100.0, "percent_covered_display": "100", "missing_lines": 0, "excluded_lines": 0, "percent_statements_covered": 100.0, "percent_statements_covered_display": "100"}, "missing_lines": [], "excluded_lines": [], "start_line": 138}, "": {"executed_lines": [7, 8, 9, 12, 18, 27, 28, 62, 89, 107, 117, 130, 134, 138], "summary": {"covered_lines": 14, "num_statements": 14, "percent_covered": 100.0, "percent_covered_display": "100", "missing_lines": 0, "excluded_lines": 0, "percent_statements_covered": 100.0, "percent_statements_covered_display": "100"}, "missing_lines": [], "excluded_lines": [], "start_line": 1}}, "classes": {"Config": {"executed_lines": [25, 42, 43, 44, 45, 49, 50, 51, 52, 54, 57, 58, 60, 79, 80, 82, 83, 84, 85, 86, 87, 97, 98, 100, 101, 103, 105, 132, 136, 140, 141, 142, 143, 144, 145, 146], "summary": {"covered_lines": 36, "num_statements": 45, "percent_covered": 80.0, "percent_covered_display": "80", "missing_lines": 9, "excluded_lines": 0, "percent_statements_covered": 80.0, "percent_statements_covered_display": "80"}, "missing_lines": [55, 102, 114, 115, 124, 125, 126, 127, 128], "excluded_lines": [], "start_line": 12}, "": {"executed_lines": [7, 8, 9, 12, 18, 27, 28, 62, 89, 107, 117, 130, 134, 138], "summary": {"covered_lines": 14, "num_statements": 14, "percent_covered": 100.0, "percent_covered_display": "100", "missing_lines": 0, "excluded_lines": 0, "percent_statements_covered": 100.0, "percent_statements_covered_display": "100"}, "missing_lines": [], "excluded_lines": [], "start_line": 1}}}, "src/utils/helpers.py": {"executed_lines": [7, 8, 10, 13, 34, 35, 37, 38, 40, 41, 42, 43, 45, 48, 63, 66, 67, 68, 71, 72, 73, 75, 76, 78, 79, 82, 85, 95, 98, 108, 109, 110, 111, 114, 124, 126, 127, 130, 139, 150, 153, 156], "summary": {"covered_lines": 42, "num_statements": 48, "percent_covered": 87.5, "percent_covered_display": "88", "missing_lines": 6, "excluded_lines": 0, "percent_statements_covered": 87.5, "percent_statements_covered_display": "88"}, "missing_lines": [64, 69, 80, 128, 151, 154], "excluded_lines": [], "functions": {"validate_sequence": {"executed_lines": [34, 35, 37, 38, 40, 41, 42, 43, 45], "summary": {"covered_lines": 9, "num_statements": 9, "percent_covered": 100.0, "percent_covered_display": "100", "missing_lines": 0, "excluded_lines": 0, "percent_statements_covered": 100.0, "percent_statements_covered_display": "100"}, "missing_lines": [], "excluded_lines": [], "start_line": 13}, "validate_ptm_site": {"executed_lines": [63, 66, 67, 68, 71, 72, 73, 75, 76, 78, 79, 82], "summary": {"covered_lines": 12, "num_statements": 15, "percent_covered": 80.0, "percent_covered_display": "80", "missing_lines": 3, "excluded_lines": 0, "percent_statements_covered": 80.0, "percent_statements_covered_display": "80"}, "missing_lines": [64, 69, 80], "excluded_lines": [], "start_line": 48}, "clean_sequence": {"executed_lines": [95], "summary": {"covered_lines": 1, "num_statements": 1, "percent_covered": 100.0, "percent_covered_display": "100", "missing_lines": 0, "excluded_lines": 0, "percent_statements_covered": 100.0, "percent_statements_covered_display": "100"}, "missing_lines": [], "excluded_lines": [], "start_line": 85}, "get_amino_acid_counts": {"executed_lines": [108, 109, 110, 111], "summary": {"covered_lines": 4, "num_statements": 4, "percent_covered": 100.0, "percent_covered_display": "100", "missing_lines": 0, "excluded_lines": 0, "percent_statements_covered": 100.0, "percent_statements_covered_display": "100"}, "missing_lines": [], "excluded_lines": [], "start_line": 98}, "calculate_sequence_length_stats": {"executed_lines": [124, 126, 127, 130], "summary": {"covered_lines": 4, "num_statements": 5, "percent_covered": 80.0, "percent_covered_display": "80", "missing_lines": 1, "excluded_lines": 0, "percent_statements_covered": 80.0, "percent_statements_covered_display": "80"}, "missing_lines": [128], "excluded_lines": [], "start_line": 114}, "validate_cell_state_label": {"executed_lines": [150, 153, 156], "summary": {"covered_lines": 3, "num_statements": 5, "percent_covered": 60.0, "percent_covered_display": "60", "missing_lines": 2, "excluded_lines": 0, "percent_statements_covered": 60.0, "percent_statements_covered_display": "60"}, "missing_lines": [151, 154], "excluded_lines": [], "start_line": 139}, "": {"executed_lines": [7, 8, 10, 13, 48, 85, 98, 114, 139], "summary": {"covered_lines": 9, "num_statements": 9, "percent_covered": 100.0, "percent_covered_display": "100", "missing_lines": 0, "excluded_lines": 0, "percent_statements_covered": 100.0, "percent_statements_covered_display": "100"}, "missing_lines": [], "excluded_lines": [], "start_line": 1}}, "classes": {"": {"executed_lines": [7, 8, 10, 13, 34, 35, 37, 38, 40, 41, 42, 43, 45, 48, 63, 66, 67, 68, 71, 72, 73, 75, 76, 78, 79, 82, 85, 95, 98, 108, 109, 110, 111, 114, 124, 126, 127, 130, 139, 150, 153, 156], "summary": {"covered_lines": 42, "num_statements": 48, "percent_covered": 87.5, "percent_covered_display": "88", "missing_lines": 6, "excluded_lines": 0, "percent_statements_covered": 87.5, "percent_statements_covered_display": "88"}, "missing_lines": [64, 69, 80, 128, 151, 154], "excluded_lines": [], "start_line": 1}}}, "src/utils/io.py": {"executed_lines": [7, 8, 9, 10, 11, 13, 14, 15, 16, 19, 20, 21, 22, 25, 26, 43, 44, 46, 49, 60, 61, 62, 65, 78, 81, 82, 85, 94, 95, 96, 99, 109, 112, 113, 115, 116, 117, 119, 122, 130, 131, 134, 146, 147, 149, 152, 153, 154, 155, 156, 159, 167, 168, 171, 181, 184, 187, 195, 196, 199, 209, 212, 215, 225, 226, 229, 239, 242, 252, 255], "summary": {"covered_lines": 70, "num_statements": 78, "percent_covered": 89.74358974358974, "percent_covered_display": "90", "missing_lines": 8, "excluded_lines": 0, "percent_statements_covered": 89.74358974358974, "percent_statements_covered_display": "90"}, "missing_lines": [45, 79, 110, 118, 150, 182, 210, 253], "excluded_lines": [], "functions": {"_ensure_parent_dir": {"executed_lines": [20, 21, 22], "summary": {"covered_lines": 3, "num_statements": 3, "percent_covered": 100.0, "percent_covered_display": "100", "missing_lines": 0, "excluded_lines": 0, "percent_statements_covered": 100.0, "percent_statements_covered_display": "100"}, "missing_lines": [], "excluded_lines": [], "start_line": 19}, "_SafeUnpickler.find_class": {"executed_lines": [44, 46], "summary": {"covered_lines": 2, "num_statements": 3, "percent_covered": 66.66666666666667, "percent_covered_display": "67", "missing_lines": 1, "excluded_lines": 0, "percent_statements_covered": 66.66666666666667, "percent_statements_covered_display": "67"}, "missing_lines": [45], "excluded_lines": [], "start_line": 43}, "save_pickle": {"executed_lines": [60, 61, 62], "summary": {"covered_lines": 3, "num_statements": 3, "percent_covered": 100.0, "percent_covered_display": "100", "missing_lines": 0, "excluded_lines": 0, "percent_statements_covered": 100.0, "percent_statements_covered_display": "100"}, "missing_lines": [], "excluded_lines": [], "start_line": 49}, "load_pickle": {"executed_lines": [78, 81, 82], "summary": {"covered_lines": 3, "num_statements": 4, "percent_covered": 75.0, "percent_covered_display": "75", "missing_lines": 1, "excluded_lines": 0, "percent_statements_covered": 75.0, "percent_statements_covered_display": "75"}, "missing_lines": [79], "excluded_lines": [], "start_line": 65}, "save_json": {"executed_lines": [94, 95, 96], "summary": {"covered_lines": 3, "num_statements": 3, "percent_covered": 100.0, "percent_covered_display": "100", "missing_lines": 0, "excluded_lines": 0, "percent_statements_covered": 100.0, "percent_statements_covered_display": "100"}, "missing_lines": [], "excluded_lines": [], "start_line": 85}, "load_json": {"executed_lines": [109, 112, 113, 115, 116, 117, 119], "summary": {"covered_lines": 7, "num_statements": 9, "percent_covered": 77.77777777777777, "percent_covered_display": "78", "missing_lines": 2, "excluded_lines": 0, "percent_statements_covered": 77.77777777777777, "percent_statements_covered_display": "78"}, "missing_lines": [110, 118], "excluded_lines": [], "start_line": 99}, "save_model": {"executed_lines": [130, 131], "summary": {"covered_lines": 2, "num_statements": 2, "percent_covered": 100.0, "percent_covered_display": "100", "missing_lines": 0, "excluded_lines": 0, "percent_statements_covered": 100.0, "percent_statements_covered_display": "100"}, "missing_lines": [], "excluded_lines": [], "start_line": 122}, "load_model": {"executed_lines": [146, 147, 149, 152, 153, 154, 155, 156], "summary": {"covered_lines": 8, "num_statements": 9, "percent_covered": 88.88888888888889, "percent_covered_display": "89", "missing_lines": 1, "excluded_lines": 0, "percent_statements_covered": 88.88888888888889, "percent_statements_covered_display": "89"}, "missing_lines": [150], "excluded_lines": [], "start_line": 134}, "save_dataframe": {"executed_lines": [167, 168], "summary": {"covered_lines": 2, "num_statements": 2, "percent_covered": 100.0, "percent_covered_display": "100", "missing_lines": 0, "excluded_lines": 0, "percent_statements_covered": 100.0, "percent_statements_covered_display": "100"}, "missing_lines": [], "excluded_lines": [], "start_line": 159}, "load_dataframe": {"executed_lines": [181, 184], "summary": {"covered_lines": 2, "num_statements": 3, "percent_covered": 66.66666666666667, "percent_covered_display": "67", "missing_lines": 1, "excluded_lines": 0, "percent_statements_covered": 66.66666666666667, "percent_statements_covered_display": "67"}, "missing_lines": [182], "excluded_lines": [], "start_line": 171}, "save_numpy": {"executed_lines": [195, 196], "summary": {"covered_lines": 2, "num_statements": 2, "percent_covered": 100.0, "percent_covered_display": "100", "missing_lines": 0, "excluded_lines": 0, "percent_statements_covered": 100.0, "percent_statements_covered_display": "100"}, "missing_lines": [], "excluded_lines": [], "start_line": 187}, "load_numpy": {"executed_lines": [209, 212], "summary": {"covered_lines": 2, "num_statements": 3, "percent_covered": 66.66666666666667, "percent_covered_display": "67", "missing_lines": 1, "excluded_lines": 0, "percent_statements_covered": 66.66666666666667, "percent_statements_covered_display": "67"}, "missing_lines": [210], "excluded_lines": [], "start_line": 199}, "ensure_dir": {"executed_lines": [225, 226], "summary": {"covered_lines": 2, "num_statements": 2, "percent_covered": 100.0, "percent_covered_display": "100", "missing_lines": 0, "excluded_lines": 0, "percent_statements_covered": 100.0, "percent_statements_covered_display": "100"}, "missing_lines": [], "excluded_lines": [], "start_line": 215}, "file_exists": {"executed_lines": [239], "summary": {"covered_lines": 1, "num_statements": 1, "percent_covered": 100.0, "percent_covered_display": "100", "missing_lines": 0, "excluded_lines": 0, "percent_statements_covered": 100.0, "percent_statements_covered_display": "100"}, "missing_lines": [], "excluded_lines": [], "start_line": 229}, "get_file_size": {"executed_lines": [252, 255], "summary": {"covered_lines": 2, "num_statements": 3, "percent_covered": 66.66666666666667, "percent_covered_display": "67", "missing_lines": 1, "excluded_lines": 0, "percent_statements_covered": 66.66666666666667, "percent_statements_covered_display": "67"}, "missing_lines": [253], "excluded_lines": [], "start_line": 242}, "": {"executed_lines": [7, 8, 9, 10, 11, 13, 14, 15, 16, 19, 25, 26, 43, 49, 65, 85, 99, 122, 134, 159, 171, 187, 199, 215, 229, 242], "summary": {"covered_lines": 26, "num_statements": 26, "percent_covered": 100.0, "percent_covered_display": "100", "missing_lines": 0, "excluded_lines": 0, "percent_statements_covered": 100.0, "percent_statements_covered_display": "100"}, "missing_lines": [], "excluded_lines": [], "start_line": 1}}, "classes": {"_SafeUnpickler": {"executed_lines": [44, 46], "summary": {"covered_lines": 2, "num_statements": 3, "percent_covered": 66.66666666666667, "percent_covered_display": "67", "missing_lines": 1, "excluded_lines": 0, "percent_statements_covered": 66.66666666666667, "percent_statements_covered_display": "67"}, "missing_lines": [45], "excluded_lines": [], "start_line": 25}, "": {"executed_lines": [7, 8, 9, 10, 11, 13, 14, 15, 16, 19, 20, 21, 22, 25, 26, 43, 49, 60, 61, 62, 65, 78, 81, 82, 85, 94, 95, 96, 99, 109, 112, 113, 115, 116, 117, 119, 122, 130, 131, 134, 146, 147, 149, 152, 153, 154, 155, 156, 159, 167, 168, 171, 181, 184, 187, 195, 196, 199, 209, 212, 215, 225, 226, 229, 239, 242, 252, 255], "summary": {"covered_lines": 68, "num_statements": 75, "percent_covered": 90.66666666666667, "percent_covered_display": "91", "missing_lines": 7, "excluded_lines": 0, "percent_statements_covered": 90.66666666666667, "percent_statements_covered_display": "91"}, "missing_lines": [79, 110, 118, 150, 182, 210, 253], "excluded_lines": [], "start_line": 1}}}, "src/utils/runtime.py": {"executed_lines": [3, 5, 6, 7, 8, 11, 12, 13, 14, 15, 16, 17, 19, 20, 21, 23], "summary": {"covered_lines": 16, "num_statements": 16, "percent_covered": 100.0, "percent_covered_display": "100", "missing_lines": 0, "excluded_lines": 0, "percent_statements_covered": 100.0, "percent_statements_covered_display": "100"}, "missing_lines": [], "excluded_lines": [], "functions": {"bootstrap_runtime": {"executed_lines": [12, 13, 14, 15, 16, 17, 19, 20, 21, 23], "summary": {"covered_lines": 10, "num_statements": 10, "percent_covered": 100.0, "percent_covered_display": "100", "missing_lines": 0, "excluded_lines": 0, "percent_statements_covered": 100.0, "percent_statements_covered_display": "100"}, "missing_lines": [], "excluded_lines": [], "start_line": 11}, "": {"executed_lines": [3, 5, 6, 7, 8, 11], "summary": {"covered_lines": 6, "num_statements": 6, "percent_covered": 100.0, "percent_covered_display": "100", "missing_lines": 0, "excluded_lines": 0, "percent_statements_covered": 100.0, "percent_statements_covered_display": "100"}, "missing_lines": [], "excluded_lines": [], "start_line": 1}}, "classes": {"": {"executed_lines": [3, 5, 6, 7, 8, 11, 12, 13, 14, 15, 16, 17, 19, 20, 21, 23], "summary": {"covered_lines": 16, "num_statements": 16, "percent_covered": 100.0, "percent_covered_display": "100", "missing_lines": 0, "excluded_lines": 0, "percent_statements_covered": 100.0, "percent_statements_covered_display": "100"}, "missing_lines": [], "excluded_lines": [], "start_line": 1}}}}, "totals": {"covered_lines": 3945, "num_statements": 5821, "percent_covered": 67.77186050506786, "percent_covered_display": "68", "missing_lines": 1876, "excluded_lines": 10, "percent_statements_covered": 67.77186050506786, "percent_statements_covered_display": "68"}}